Tue May 19 22:18:33 2020 - Arquivos SIAPE/2013_01_servidores/201301_Cadastro.xlsx e SIAPE/2013_01_servidores/201301_Remuneracao.xlsx lidos com sucesso.
Tue May 19 22:18:48 2020 - Arquivos SIAPE/2013_02_servidores/201302_Cadastro.xlsx e SIAPE/2013_02_servidores/201302_Remuneracao.xlsx lidos com sucesso.
Tue May 19 22:20:20 2020 - Arquivos SIAPE/2013_01_servidores/201301_Cadastro.xlsx e SIAPE/2013_01_servidores/201301_Remuneracao.xlsx lidos com sucesso.
Tue May 19 22:20:34 2020 - Arquivos SIAPE/2013_02_servidores/201302_Cadastro.xlsx e SIAPE/2013_02_servidores/201302_Remuneracao.xlsx lidos com sucesso.
Tue May 19 22:20:50 2020 - Arquivos SIAPE/2013_03_servidores/201303_Cadastro.xlsx e SIAPE/2013_03_servidores/201303_Remuneracao.xlsx lidos com sucesso.
Tue May 19 22:22:59 2020 - Arquivos SIAPE/2013_01_servidores/201301_Cadastro.xlsx e SIAPE/2013_01_servidores/201301_Remuneracao.xlsx lidos com sucesso.
Tue May 19 22:23:36 2020 - Arquivos SIAPE/2013_02_servidores/201302_Cadastro.xlsx e SIAPE/2013_02_servidores/201302_Remuneracao.xlsx lidos com sucesso.
Tue May 19 22:25:23 2020 - Arquivos SIAPE/2013_01_servidores/201301_Cadastro.xlsx e SIAPE/2013_01_servidores/201301_Remuneracao.xlsx lidos com sucesso.
Tue May 19 22:26:03 2020 - Arquivos SIAPE/2013_02_servidores/201302_Cadastro.xlsx e SIAPE/2013_02_servidores/201302_Remuneracao.xlsx lidos com sucesso.
Tue May 19 22:26:50 2020 - Arquivos SIAPE/2013_03_servidores/201303_Cadastro.xlsx e SIAPE/2013_03_servidores/201303_Remuneracao.xlsx lidos com sucesso.
Tue May 19 22:27:37 2020 - Arquivos SIAPE/2013_04_servidores/201304_Cadastro.xlsx e SIAPE/2013_04_servidores/201304_Remuneracao.xlsx lidos com sucesso.
Tue May 19 22:28:20 2020 - Arquivos SIAPE/2013_05_servidores/201305_Cadastro.xlsx e SIAPE/2013_05_servidores/201305_Remuneracao.xlsx lidos com sucesso.
Tue May 19 22:29:07 2020 - Arquivos SIAPE/2013_06_servidores/201306_Cadastro.xlsx e SIAPE/2013_06_servidores/201306_Remuneracao.xlsx lidos com sucesso.
Tue May 19 22:29:55 2020 - Arquivos SIAPE/2013_07_servidores/201307_Cadastro.xlsx e SIAPE/2013_07_servidores/201307_Remuneracao.xlsx lidos com sucesso.
Tue May 19 22:30:49 2020 - Arquivos SIAPE/2013_08_servidores/201308_Cadastro.xlsx e SIAPE/2013_08_servidores/201308_Remuneracao.xlsx lidos com sucesso.
Tue May 19 22:31:33 2020 - Arquivos SIAPE/2013_09_servidores/201309_Cadastro.xlsx e SIAPE/2013_09_servidores/201309_Remuneracao.xlsx lidos com sucesso.
Tue May 19 22:32:19 2020 - Arquivos SIAPE/2013_10_servidores/201310_Cadastro.xlsx e SIAPE/2013_10_servidores/201310_Remuneracao.xlsx lidos com sucesso.
Tue May 19 22:33:18 2020 - Arquivos SIAPE/2013_11_servidores/201311_Cadastro.xlsx e SIAPE/2013_11_servidores/201311_Remuneracao.xlsx lidos com sucesso.
Tue May 19 22:34:33 2020 - Arquivos SIAPE/2013_12_servidores/201312_Cadastro.xlsx e SIAPE/2013_12_servidores/201312_Remuneracao.xlsx lidos com sucesso.
Tue May 19 22:36:35 2020 - Arquivos SIAPE/2014_01_servidores/201401_Cadastro.xlsx e SIAPE/2014_01_servidores/201401_Remuneracao.xlsx lidos com sucesso.
Tue May 19 22:37:23 2020 - Arquivos SIAPE/2014_02_servidores/201402_Cadastro.xlsx e SIAPE/2014_02_servidores/201402_Remuneracao.xlsx lidos com sucesso.
Tue May 19 22:38:26 2020 - Arquivos SIAPE/2014_03_servidores/201403_Cadastro.xlsx e SIAPE/2014_03_servidores/201403_Remuneracao.xlsx lidos com sucesso.
Tue May 19 22:39:24 2020 - Arquivos SIAPE/2014_04_servidores/201404_Cadastro.xlsx e SIAPE/2014_04_servidores/201404_Remuneracao.xlsx lidos com sucesso.
Tue May 19 22:40:13 2020 - Arquivos SIAPE/2014_05_servidores/201405_Cadastro.xlsx e SIAPE/2014_05_servidores/201405_Remuneracao.xlsx lidos com sucesso.
Tue May 19 22:40:58 2020 - Arquivos SIAPE/2014_06_servidores/201406_Cadastro.xlsx e SIAPE/2014_06_servidores/201406_Remuneracao.xlsx lidos com sucesso.
Tue May 19 22:41:42 2020 - Arquivos SIAPE/2014_07_servidores/201407_Cadastro.xlsx e SIAPE/2014_07_servidores/201407_Remuneracao.xlsx lidos com sucesso.
Tue May 19 22:42:29 2020 - Arquivos SIAPE/2014_08_servidores/201408_Cadastro.xlsx e SIAPE/2014_08_servidores/201408_Remuneracao.xlsx lidos com sucesso.
Tue May 19 22:43:13 2020 - Arquivos SIAPE/2014_09_servidores/201409_Cadastro.xlsx e SIAPE/2014_09_servidores/201409_Remuneracao.xlsx lidos com sucesso.
Tue May 19 22:43:54 2020 - Arquivos SIAPE/2014_10_servidores/201410_Cadastro.xlsx e SIAPE/2014_10_servidores/201410_Remuneracao.xlsx lidos com sucesso.
Tue May 19 22:44:35 2020 - Arquivos SIAPE/2014_11_servidores/201411_Cadastro.xlsx e SIAPE/2014_11_servidores/201411_Remuneracao.xlsx lidos com sucesso.
Tue May 19 22:45:37 2020 - Arquivos SIAPE/2014_12_servidores/201412_Cadastro.xlsx e SIAPE/2014_12_servidores/201412_Remuneracao.xlsx lidos com sucesso.
Tue May 19 22:46:30 2020 - Arquivos SIAPE/2015_01_servidores/201501_Cadastro.xlsx e SIAPE/2015_01_servidores/201501_Remuneracao.xlsx lidos com sucesso.
Tue May 19 22:47:20 2020 - Arquivos SIAPE/2015_02_servidores/201502_Cadastro.xlsx e SIAPE/2015_02_servidores/201502_Remuneracao.xlsx lidos com sucesso.
Tue May 19 22:47:59 2020 - Arquivos SIAPE/2015_03_servidores/201503_Cadastro.xlsx e SIAPE/2015_03_servidores/201503_Remuneracao.xlsx lidos com sucesso.
Tue May 19 22:48:37 2020 - Arquivos SIAPE/2015_04_servidores/201504_Cadastro.xlsx e SIAPE/2015_04_servidores/201504_Remuneracao.xlsx lidos com sucesso.
Tue May 19 22:49:23 2020 - Arquivos SIAPE/2015_05_servidores/201505_Cadastro.xlsx e SIAPE/2015_05_servidores/201505_Remuneracao.xlsx lidos com sucesso.
Tue May 19 22:50:07 2020 - Arquivos SIAPE/2015_06_servidores/201506_Cadastro.xlsx e SIAPE/2015_06_servidores/201506_Remuneracao.xlsx lidos com sucesso.
Tue May 19 22:50:47 2020 - Arquivos SIAPE/2015_07_servidores/201507_Cadastro.xlsx e SIAPE/2015_07_servidores/201507_Remuneracao.xlsx lidos com sucesso.
Tue May 19 22:51:26 2020 - Arquivos SIAPE/2015_08_servidores/201508_Cadastro.xlsx e SIAPE/2015_08_servidores/201508_Remuneracao.xlsx lidos com sucesso.
Tue May 19 22:52:12 2020 - Arquivos SIAPE/2015_09_servidores/201509_Cadastro.xlsx e SIAPE/2015_09_servidores/201509_Remuneracao.xlsx lidos com sucesso.
Tue May 19 22:52:54 2020 - Arquivos SIAPE/2015_10_servidores/201510_Cadastro.xlsx e SIAPE/2015_10_servidores/201510_Remuneracao.xlsx lidos com sucesso.
Tue May 19 22:53:37 2020 - Arquivos SIAPE/2015_11_servidores/201511_Cadastro.xlsx e SIAPE/2015_11_servidores/201511_Remuneracao.xlsx lidos com sucesso.
Tue May 19 22:54:24 2020 - Arquivos SIAPE/2015_12_servidores/201512_Cadastro.xlsx e SIAPE/2015_12_servidores/201512_Remuneracao.xlsx lidos com sucesso.
Tue May 19 22:55:06 2020 - Arquivos SIAPE/2016_01_servidores/201601_Cadastro.xlsx e SIAPE/2016_01_servidores/201601_Remuneracao.xlsx lidos com sucesso.
Tue May 19 22:55:53 2020 - Arquivos SIAPE/2016_02_servidores/201602_Cadastro.xlsx e SIAPE/2016_02_servidores/201602_Remuneracao.xlsx lidos com sucesso.
Tue May 19 22:56:41 2020 - Arquivos SIAPE/2016_03_servidores/201603_Cadastro.xlsx e SIAPE/2016_03_servidores/201603_Remuneracao.xlsx lidos com sucesso.
Tue May 19 22:57:37 2020 - Arquivos SIAPE/2016_04_servidores/201604_Cadastro.xlsx e SIAPE/2016_04_servidores/201604_Remuneracao.xlsx lidos com sucesso.
Tue May 19 22:58:21 2020 - Arquivos SIAPE/2016_05_servidores/201605_Cadastro.xlsx e SIAPE/2016_05_servidores/201605_Remuneracao.xlsx lidos com sucesso.
Tue May 19 22:59:17 2020 - Arquivos SIAPE/2016_06_servidores/201606_Cadastro.xlsx e SIAPE/2016_06_servidores/201606_Remuneracao.xlsx lidos com sucesso.
Tue May 19 22:59:58 2020 - Arquivos SIAPE/2016_07_servidores/201607_Cadastro.xlsx e SIAPE/2016_07_servidores/201607_Remuneracao.xlsx lidos com sucesso.
Tue May 19 23:00:42 2020 - Arquivos SIAPE/2016_08_servidores/201608_Cadastro.xlsx e SIAPE/2016_08_servidores/201608_Remuneracao.xlsx lidos com sucesso.
Tue May 19 23:01:29 2020 - Arquivos SIAPE/2016_09_servidores/201609_Cadastro.xlsx e SIAPE/2016_09_servidores/201609_Remuneracao.xlsx lidos com sucesso.
Tue May 19 23:02:11 2020 - Arquivos SIAPE/2016_10_servidores/201610_Cadastro.xlsx e SIAPE/2016_10_servidores/201610_Remuneracao.xlsx lidos com sucesso.
Tue May 19 23:02:52 2020 - Arquivos SIAPE/2016_11_servidores/201611_Cadastro.xlsx e SIAPE/2016_11_servidores/201611_Remuneracao.xlsx lidos com sucesso.
Tue May 19 23:03:33 2020 - Arquivos SIAPE/2016_12_servidores/201612_Cadastro.xlsx e SIAPE/2016_12_servidores/201612_Remuneracao.xlsx lidos com sucesso.
Tue May 19 23:04:13 2020 - Arquivos SIAPE/2017_01_servidores/201701_Cadastro.xlsx e SIAPE/2017_01_servidores/201701_Remuneracao.xlsx lidos com sucesso.
Tue May 19 23:04:52 2020 - Arquivos SIAPE/2017_02_servidores/201702_Cadastro.xlsx e SIAPE/2017_02_servidores/201702_Remuneracao.xlsx lidos com sucesso.
Tue May 19 23:05:33 2020 - Arquivos SIAPE/2017_03_servidores/201703_Cadastro.xlsx e SIAPE/2017_03_servidores/201703_Remuneracao.xlsx lidos com sucesso.
Tue May 19 23:06:14 2020 - Arquivos SIAPE/2017_04_servidores/201704_Cadastro.xlsx e SIAPE/2017_04_servidores/201704_Remuneracao.xlsx lidos com sucesso.
Tue May 19 23:06:56 2020 - Arquivos SIAPE/2017_05_servidores/201705_Cadastro.xlsx e SIAPE/2017_05_servidores/201705_Remuneracao.xlsx lidos com sucesso.
Tue May 19 23:07:37 2020 - Arquivos SIAPE/2017_06_servidores/201706_Cadastro.xlsx e SIAPE/2017_06_servidores/201706_Remuneracao.xlsx lidos com sucesso.
Tue May 19 23:08:19 2020 - Arquivos SIAPE/2017_07_servidores/201707_Cadastro.xlsx e SIAPE/2017_07_servidores/201707_Remuneracao.xlsx lidos com sucesso.
Tue May 19 23:09:03 2020 - Arquivos SIAPE/2017_08_servidores/201708_Cadastro.xlsx e SIAPE/2017_08_servidores/201708_Remuneracao.xlsx lidos com sucesso.
Tue May 19 23:09:42 2020 - Arquivos SIAPE/2017_09_servidores/201709_Cadastro.xlsx e SIAPE/2017_09_servidores/201709_Remuneracao.xlsx lidos com sucesso.
Tue May 19 23:10:23 2020 - Arquivos SIAPE/2017_10_servidores/201710_Cadastro.xlsx e SIAPE/2017_10_servidores/201710_Remuneracao.xlsx lidos com sucesso.
Tue May 19 23:11:03 2020 - Arquivos SIAPE/2017_11_servidores/201711_Cadastro.xlsx e SIAPE/2017_11_servidores/201711_Remuneracao.xlsx lidos com sucesso.
Tue May 19 23:11:42 2020 - Arquivos SIAPE/2017_12_servidores/201712_Cadastro.xlsx e SIAPE/2017_12_servidores/201712_Remuneracao.xlsx lidos com sucesso.
Tue May 19 23:12:23 2020 - Arquivos SIAPE/2018_01_servidores/201801_Cadastro.xlsx e SIAPE/2018_01_servidores/201801_Remuneracao.xlsx lidos com sucesso.
Tue May 19 23:13:04 2020 - Arquivos SIAPE/2018_02_servidores/201802_Cadastro.xlsx e SIAPE/2018_02_servidores/201802_Remuneracao.xlsx lidos com sucesso.
Tue May 19 23:13:45 2020 - Arquivos SIAPE/2018_03_servidores/201803_Cadastro.xlsx e SIAPE/2018_03_servidores/201803_Remuneracao.xlsx lidos com sucesso.
Tue May 19 23:14:27 2020 - Arquivos SIAPE/2018_04_servidores/201804_Cadastro.xlsx e SIAPE/2018_04_servidores/201804_Remuneracao.xlsx lidos com sucesso.
Tue May 19 23:15:08 2020 - Arquivos SIAPE/2018_05_servidores/201805_Cadastro.xlsx e SIAPE/2018_05_servidores/201805_Remuneracao.xlsx lidos com sucesso.
Tue May 19 23:15:50 2020 - Arquivos SIAPE/2018_06_servidores/201806_Cadastro.xlsx e SIAPE/2018_06_servidores/201806_Remuneracao.xlsx lidos com sucesso.
Tue May 19 23:16:30 2020 - Arquivos SIAPE/2018_07_servidores/201807_Cadastro.xlsx e SIAPE/2018_07_servidores/201807_Remuneracao.xlsx lidos com sucesso.
Tue May 19 23:17:12 2020 - Arquivos SIAPE/2018_08_servidores/201808_Cadastro.xlsx e SIAPE/2018_08_servidores/201808_Remuneracao.xlsx lidos com sucesso.
Tue May 19 23:18:05 2020 - Arquivos SIAPE/2018_09_servidores/201809_Cadastro.xlsx e SIAPE/2018_09_servidores/201809_Remuneracao.xlsx lidos com sucesso.
Tue May 19 23:18:53 2020 - Arquivos SIAPE/2018_10_servidores/201810_Cadastro.xlsx e SIAPE/2018_10_servidores/201810_Remuneracao.xlsx lidos com sucesso.
Tue May 19 23:19:42 2020 - Arquivos SIAPE/2018_11_servidores/201811_Cadastro.xlsx e SIAPE/2018_11_servidores/201811_Remuneracao.xlsx lidos com sucesso.
Tue May 19 23:20:29 2020 - Arquivos SIAPE/2018_12_servidores/201812_Cadastro.xlsx e SIAPE/2018_12_servidores/201812_Remuneracao.xlsx lidos com sucesso.
Tue May 19 23:21:09 2020 - Arquivos SIAPE/2019_01_servidores/201901_Cadastro.xlsx e SIAPE/2019_01_servidores/201901_Remuneracao.xlsx lidos com sucesso.
Tue May 19 23:21:50 2020 - Arquivos SIAPE/2019_02_servidores/201902_Cadastro.xlsx e SIAPE/2019_02_servidores/201902_Remuneracao.xlsx lidos com sucesso.
Tue May 19 23:22:41 2020 - Arquivos SIAPE/2019_03_servidores/201903_Cadastro.xlsx e SIAPE/2019_03_servidores/201903_Remuneracao.xlsx lidos com sucesso.
Tue May 19 23:23:33 2020 - Arquivos SIAPE/2019_04_servidores/201904_Cadastro.xlsx e SIAPE/2019_04_servidores/201904_Remuneracao.xlsx lidos com sucesso.
Tue May 19 23:24:38 2020 - Arquivos SIAPE/2019_05_servidores/201905_Cadastro.xlsx e SIAPE/2019_05_servidores/201905_Remuneracao.xlsx lidos com sucesso.
Tue May 19 23:25:50 2020 - Arquivos SIAPE/2019_06_servidores/201906_Cadastro.xlsx e SIAPE/2019_06_servidores/201906_Remuneracao.xlsx lidos com sucesso.
Tue May 19 23:26:48 2020 - Arquivos SIAPE/2019_07_servidores/201907_Cadastro.xlsx e SIAPE/2019_07_servidores/201907_Remuneracao.xlsx lidos com sucesso.
Tue May 19 23:27:44 2020 - Arquivos SIAPE/2019_08_servidores/201908_Cadastro.xlsx e SIAPE/2019_08_servidores/201908_Remuneracao.xlsx lidos com sucesso.
Tue May 19 23:28:44 2020 - Arquivos SIAPE/2019_09_servidores/201909_Cadastro.xlsx e SIAPE/2019_09_servidores/201909_Remuneracao.xlsx lidos com sucesso.
Tue May 19 23:29:45 2020 - Arquivos SIAPE/2019_10_servidores/201910_Cadastro.xlsx e SIAPE/2019_10_servidores/201910_Remuneracao.xlsx lidos com sucesso.
Tue May 19 23:30:32 2020 - Arquivos SIAPE/2019_11_servidores/201911_Cadastro.xlsx e SIAPE/2019_11_servidores/201911_Remuneracao.xlsx lidos com sucesso.
Tue May 19 23:30:32 2020 - Não foi encontrado o arquivo: SIAPE/2019_12_servidores/201912_Cadastro.xlsx
Tue May 19 23:35:46 2020 - Arquivos SIAPE/2013_01_servidores/201301_Cadastro.RDS e SIAPE/2013_01_servidores/201301_Remuneracao.xlsx lidos com sucesso.
Tue May 19 23:36:03 2020 - Arquivos SIAPE/2013_02_servidores/201302_Cadastro.RDS e SIAPE/2013_02_servidores/201302_Remuneracao.xlsx lidos com sucesso.
Tue May 19 23:47:10 2020 - Arquivos SIAPE/2013_01_servidores/201301_Cadastro.RDS e SIAPE/2013_01_servidores/201301_Remuneracao.xlsx lidos com sucesso.
Tue May 19 23:47:46 2020 - Arquivos SIAPE/2013_02_servidores/201302_Cadastro.RDS e SIAPE/2013_02_servidores/201302_Remuneracao.xlsx lidos com sucesso.
Tue May 19 23:49:47 2020 - Arquivos SIAPE/2013_01_servidores/201301_Cadastro.RDS e SIAPE/2013_01_servidores/201301_Remuneracao.xlsx lidos com sucesso.
Tue May 19 23:50:21 2020 - Arquivos SIAPE/2013_02_servidores/201302_Cadastro.RDS e SIAPE/2013_02_servidores/201302_Remuneracao.xlsx lidos com sucesso.
Tue May 19 23:50:59 2020 - Arquivos SIAPE/2013_03_servidores/201303_Cadastro.RDS e SIAPE/2013_03_servidores/201303_Remuneracao.xlsx lidos com sucesso.
Tue May 19 23:51:35 2020 - Arquivos SIAPE/2013_04_servidores/201304_Cadastro.RDS e SIAPE/2013_04_servidores/201304_Remuneracao.xlsx lidos com sucesso.
Tue May 19 23:52:27 2020 - Arquivos SIAPE/2013_05_servidores/201305_Cadastro.RDS e SIAPE/2013_05_servidores/201305_Remuneracao.xlsx lidos com sucesso.
Tue May 19 23:53:21 2020 - Arquivos SIAPE/2013_06_servidores/201306_Cadastro.RDS e SIAPE/2013_06_servidores/201306_Remuneracao.xlsx lidos com sucesso.
Tue May 19 23:54:03 2020 - Arquivos SIAPE/2013_07_servidores/201307_Cadastro.RDS e SIAPE/2013_07_servidores/201307_Remuneracao.xlsx lidos com sucesso.
Tue May 19 23:54:44 2020 - Arquivos SIAPE/2013_08_servidores/201308_Cadastro.RDS e SIAPE/2013_08_servidores/201308_Remuneracao.xlsx lidos com sucesso.
Tue May 19 23:55:27 2020 - Arquivos SIAPE/2013_09_servidores/201309_Cadastro.RDS e SIAPE/2013_09_servidores/201309_Remuneracao.xlsx lidos com sucesso.
Tue May 19 23:56:07 2020 - Arquivos SIAPE/2013_10_servidores/201310_Cadastro.RDS e SIAPE/2013_10_servidores/201310_Remuneracao.xlsx lidos com sucesso.
Tue May 19 23:56:50 2020 - Arquivos SIAPE/2013_11_servidores/201311_Cadastro.RDS e SIAPE/2013_11_servidores/201311_Remuneracao.xlsx lidos com sucesso.
Tue May 19 23:57:31 2020 - Arquivos SIAPE/2013_12_servidores/201312_Cadastro.RDS e SIAPE/2013_12_servidores/201312_Remuneracao.xlsx lidos com sucesso.
Wed May 20 00:05:38 2020 - Arquivos SIAPE/2014_01_servidores/201401_Cadastro.RDS e SIAPE/2014_01_servidores/201401_Remuneracao.xlsx lidos com sucesso.
Wed May 20 00:06:20 2020 - Arquivos SIAPE/2014_02_servidores/201402_Cadastro.RDS e SIAPE/2014_02_servidores/201402_Remuneracao.xlsx lidos com sucesso.
Wed May 20 00:06:54 2020 - Arquivos SIAPE/2014_03_servidores/201403_Cadastro.RDS e SIAPE/2014_03_servidores/201403_Remuneracao.xlsx lidos com sucesso.
Wed May 20 00:07:34 2020 - Arquivos SIAPE/2014_04_servidores/201404_Cadastro.RDS e SIAPE/2014_04_servidores/201404_Remuneracao.xlsx lidos com sucesso.
Wed May 20 00:08:10 2020 - Arquivos SIAPE/2014_05_servidores/201405_Cadastro.RDS e SIAPE/2014_05_servidores/201405_Remuneracao.xlsx lidos com sucesso.
Wed May 20 00:08:48 2020 - Arquivos SIAPE/2014_06_servidores/201406_Cadastro.RDS e SIAPE/2014_06_servidores/201406_Remuneracao.xlsx lidos com sucesso.
Wed May 20 00:09:23 2020 - Arquivos SIAPE/2014_07_servidores/201407_Cadastro.RDS e SIAPE/2014_07_servidores/201407_Remuneracao.xlsx lidos com sucesso.
Wed May 20 00:09:59 2020 - Arquivos SIAPE/2014_08_servidores/201408_Cadastro.RDS e SIAPE/2014_08_servidores/201408_Remuneracao.xlsx lidos com sucesso.
Wed May 20 00:10:34 2020 - Arquivos SIAPE/2014_09_servidores/201409_Cadastro.RDS e SIAPE/2014_09_servidores/201409_Remuneracao.xlsx lidos com sucesso.
Wed May 20 00:11:13 2020 - Arquivos SIAPE/2014_10_servidores/201410_Cadastro.RDS e SIAPE/2014_10_servidores/201410_Remuneracao.xlsx lidos com sucesso.
Wed May 20 00:11:56 2020 - Arquivos SIAPE/2014_11_servidores/201411_Cadastro.RDS e SIAPE/2014_11_servidores/201411_Remuneracao.xlsx lidos com sucesso.
Wed May 20 00:12:34 2020 - Arquivos SIAPE/2014_12_servidores/201412_Cadastro.RDS e SIAPE/2014_12_servidores/201412_Remuneracao.xlsx lidos com sucesso.
Wed May 20 00:13:14 2020 - Arquivos SIAPE/2015_01_servidores/201501_Cadastro.RDS e SIAPE/2015_01_servidores/201501_Remuneracao.xlsx lidos com sucesso.
Wed May 20 00:13:56 2020 - Arquivos SIAPE/2015_02_servidores/201502_Cadastro.RDS e SIAPE/2015_02_servidores/201502_Remuneracao.xlsx lidos com sucesso.
Wed May 20 00:14:35 2020 - Arquivos SIAPE/2015_03_servidores/201503_Cadastro.RDS e SIAPE/2015_03_servidores/201503_Remuneracao.xlsx lidos com sucesso.
Wed May 20 00:15:17 2020 - Arquivos SIAPE/2015_04_servidores/201504_Cadastro.RDS e SIAPE/2015_04_servidores/201504_Remuneracao.xlsx lidos com sucesso.
Wed May 20 00:16:05 2020 - Arquivos SIAPE/2015_05_servidores/201505_Cadastro.RDS e SIAPE/2015_05_servidores/201505_Remuneracao.xlsx lidos com sucesso.
Wed May 20 00:16:44 2020 - Arquivos SIAPE/2015_06_servidores/201506_Cadastro.RDS e SIAPE/2015_06_servidores/201506_Remuneracao.xlsx lidos com sucesso.
Wed May 20 00:17:30 2020 - Arquivos SIAPE/2015_07_servidores/201507_Cadastro.RDS e SIAPE/2015_07_servidores/201507_Remuneracao.xlsx lidos com sucesso.
Wed May 20 00:18:15 2020 - Arquivos SIAPE/2015_08_servidores/201508_Cadastro.RDS e SIAPE/2015_08_servidores/201508_Remuneracao.xlsx lidos com sucesso.
Wed May 20 00:18:53 2020 - Arquivos SIAPE/2015_09_servidores/201509_Cadastro.RDS e SIAPE/2015_09_servidores/201509_Remuneracao.xlsx lidos com sucesso.
Wed May 20 00:19:39 2020 - Arquivos SIAPE/2015_10_servidores/201510_Cadastro.RDS e SIAPE/2015_10_servidores/201510_Remuneracao.xlsx lidos com sucesso.
Wed May 20 00:20:22 2020 - Arquivos SIAPE/2015_11_servidores/201511_Cadastro.RDS e SIAPE/2015_11_servidores/201511_Remuneracao.xlsx lidos com sucesso.
Wed May 20 00:21:05 2020 - Arquivos SIAPE/2015_12_servidores/201512_Cadastro.RDS e SIAPE/2015_12_servidores/201512_Remuneracao.xlsx lidos com sucesso.
Wed May 20 00:21:50 2020 - Arquivos SIAPE/2016_01_servidores/201601_Cadastro.RDS e SIAPE/2016_01_servidores/201601_Remuneracao.xlsx lidos com sucesso.
Wed May 20 00:22:25 2020 - Arquivos SIAPE/2016_02_servidores/201602_Cadastro.RDS e SIAPE/2016_02_servidores/201602_Remuneracao.xlsx lidos com sucesso.
Wed May 20 00:23:03 2020 - Arquivos SIAPE/2016_03_servidores/201603_Cadastro.RDS e SIAPE/2016_03_servidores/201603_Remuneracao.xlsx lidos com sucesso.
Wed May 20 00:23:47 2020 - Arquivos SIAPE/2016_04_servidores/201604_Cadastro.RDS e SIAPE/2016_04_servidores/201604_Remuneracao.xlsx lidos com sucesso.
Wed May 20 00:24:26 2020 - Arquivos SIAPE/2016_05_servidores/201605_Cadastro.RDS e SIAPE/2016_05_servidores/201605_Remuneracao.xlsx lidos com sucesso.
Wed May 20 00:25:07 2020 - Arquivos SIAPE/2016_06_servidores/201606_Cadastro.RDS e SIAPE/2016_06_servidores/201606_Remuneracao.xlsx lidos com sucesso.
Wed May 20 00:25:45 2020 - Arquivos SIAPE/2016_07_servidores/201607_Cadastro.RDS e SIAPE/2016_07_servidores/201607_Remuneracao.xlsx lidos com sucesso.
Wed May 20 00:26:20 2020 - Arquivos SIAPE/2016_08_servidores/201608_Cadastro.RDS e SIAPE/2016_08_servidores/201608_Remuneracao.xlsx lidos com sucesso.
Wed May 20 00:26:55 2020 - Arquivos SIAPE/2016_09_servidores/201609_Cadastro.RDS e SIAPE/2016_09_servidores/201609_Remuneracao.xlsx lidos com sucesso.
Wed May 20 00:27:29 2020 - Arquivos SIAPE/2016_10_servidores/201610_Cadastro.RDS e SIAPE/2016_10_servidores/201610_Remuneracao.xlsx lidos com sucesso.
Wed May 20 00:28:04 2020 - Arquivos SIAPE/2016_11_servidores/201611_Cadastro.RDS e SIAPE/2016_11_servidores/201611_Remuneracao.xlsx lidos com sucesso.
Wed May 20 00:28:39 2020 - Arquivos SIAPE/2016_12_servidores/201612_Cadastro.RDS e SIAPE/2016_12_servidores/201612_Remuneracao.xlsx lidos com sucesso.
Wed May 20 00:29:20 2020 - Arquivos SIAPE/2017_01_servidores/201701_Cadastro.RDS e SIAPE/2017_01_servidores/201701_Remuneracao.xlsx lidos com sucesso.
Wed May 20 00:29:57 2020 - Arquivos SIAPE/2017_02_servidores/201702_Cadastro.RDS e SIAPE/2017_02_servidores/201702_Remuneracao.xlsx lidos com sucesso.
Wed May 20 00:30:34 2020 - Arquivos SIAPE/2017_03_servidores/201703_Cadastro.RDS e SIAPE/2017_03_servidores/201703_Remuneracao.xlsx lidos com sucesso.
Wed May 20 00:31:09 2020 - Arquivos SIAPE/2017_04_servidores/201704_Cadastro.RDS e SIAPE/2017_04_servidores/201704_Remuneracao.xlsx lidos com sucesso.
Wed May 20 00:31:45 2020 - Arquivos SIAPE/2017_05_servidores/201705_Cadastro.RDS e SIAPE/2017_05_servidores/201705_Remuneracao.xlsx lidos com sucesso.
Wed May 20 00:32:22 2020 - Arquivos SIAPE/2017_06_servidores/201706_Cadastro.RDS e SIAPE/2017_06_servidores/201706_Remuneracao.xlsx lidos com sucesso.
Wed May 20 00:32:59 2020 - Arquivos SIAPE/2017_07_servidores/201707_Cadastro.RDS e SIAPE/2017_07_servidores/201707_Remuneracao.xlsx lidos com sucesso.
Wed May 20 00:33:38 2020 - Arquivos SIAPE/2017_08_servidores/201708_Cadastro.RDS e SIAPE/2017_08_servidores/201708_Remuneracao.xlsx lidos com sucesso.
Wed May 20 00:34:11 2020 - Arquivos SIAPE/2017_09_servidores/201709_Cadastro.RDS e SIAPE/2017_09_servidores/201709_Remuneracao.xlsx lidos com sucesso.
Wed May 20 00:34:44 2020 - Arquivos SIAPE/2017_10_servidores/201710_Cadastro.RDS e SIAPE/2017_10_servidores/201710_Remuneracao.xlsx lidos com sucesso.
Wed May 20 00:35:25 2020 - Arquivos SIAPE/2017_11_servidores/201711_Cadastro.RDS e SIAPE/2017_11_servidores/201711_Remuneracao.xlsx lidos com sucesso.
Wed May 20 00:35:59 2020 - Arquivos SIAPE/2017_12_servidores/201712_Cadastro.RDS e SIAPE/2017_12_servidores/201712_Remuneracao.xlsx lidos com sucesso.
Wed May 20 00:36:31 2020 - Arquivos SIAPE/2018_01_servidores/201801_Cadastro.RDS e SIAPE/2018_01_servidores/201801_Remuneracao.xlsx lidos com sucesso.
Wed May 20 00:37:05 2020 - Arquivos SIAPE/2018_02_servidores/201802_Cadastro.RDS e SIAPE/2018_02_servidores/201802_Remuneracao.xlsx lidos com sucesso.
Wed May 20 00:37:38 2020 - Arquivos SIAPE/2018_03_servidores/201803_Cadastro.RDS e SIAPE/2018_03_servidores/201803_Remuneracao.xlsx lidos com sucesso.
Wed May 20 00:38:11 2020 - Arquivos SIAPE/2018_04_servidores/201804_Cadastro.RDS e SIAPE/2018_04_servidores/201804_Remuneracao.xlsx lidos com sucesso.
Wed May 20 00:38:44 2020 - Arquivos SIAPE/2018_05_servidores/201805_Cadastro.RDS e SIAPE/2018_05_servidores/201805_Remuneracao.xlsx lidos com sucesso.
Wed May 20 00:39:17 2020 - Arquivos SIAPE/2018_06_servidores/201806_Cadastro.RDS e SIAPE/2018_06_servidores/201806_Remuneracao.xlsx lidos com sucesso.
Wed May 20 00:39:50 2020 - Arquivos SIAPE/2018_07_servidores/201807_Cadastro.RDS e SIAPE/2018_07_servidores/201807_Remuneracao.xlsx lidos com sucesso.
Wed May 20 00:40:22 2020 - Arquivos SIAPE/2018_08_servidores/201808_Cadastro.RDS e SIAPE/2018_08_servidores/201808_Remuneracao.xlsx lidos com sucesso.
Wed May 20 00:40:54 2020 - Arquivos SIAPE/2018_09_servidores/201809_Cadastro.RDS e SIAPE/2018_09_servidores/201809_Remuneracao.xlsx lidos com sucesso.
Wed May 20 00:41:25 2020 - Arquivos SIAPE/2018_10_servidores/201810_Cadastro.RDS e SIAPE/2018_10_servidores/201810_Remuneracao.xlsx lidos com sucesso.
Wed May 20 00:41:57 2020 - Arquivos SIAPE/2018_11_servidores/201811_Cadastro.RDS e SIAPE/2018_11_servidores/201811_Remuneracao.xlsx lidos com sucesso.
Wed May 20 00:42:30 2020 - Arquivos SIAPE/2018_12_servidores/201812_Cadastro.RDS e SIAPE/2018_12_servidores/201812_Remuneracao.xlsx lidos com sucesso.
Wed May 20 00:43:03 2020 - Arquivos SIAPE/2019_01_servidores/201901_Cadastro.RDS e SIAPE/2019_01_servidores/201901_Remuneracao.xlsx lidos com sucesso.
Wed May 20 00:43:35 2020 - Arquivos SIAPE/2019_02_servidores/201902_Cadastro.RDS e SIAPE/2019_02_servidores/201902_Remuneracao.xlsx lidos com sucesso.
Wed May 20 00:44:05 2020 - Arquivos SIAPE/2019_03_servidores/201903_Cadastro.RDS e SIAPE/2019_03_servidores/201903_Remuneracao.xlsx lidos com sucesso.
Wed May 20 00:44:36 2020 - Arquivos SIAPE/2019_04_servidores/201904_Cadastro.RDS e SIAPE/2019_04_servidores/201904_Remuneracao.xlsx lidos com sucesso.
Wed May 20 00:45:08 2020 - Arquivos SIAPE/2019_05_servidores/201905_Cadastro.RDS e SIAPE/2019_05_servidores/201905_Remuneracao.xlsx lidos com sucesso.
Wed May 20 00:45:39 2020 - Arquivos SIAPE/2019_06_servidores/201906_Cadastro.RDS e SIAPE/2019_06_servidores/201906_Remuneracao.xlsx lidos com sucesso.
Wed May 20 00:46:11 2020 - Arquivos SIAPE/2019_07_servidores/201907_Cadastro.RDS e SIAPE/2019_07_servidores/201907_Remuneracao.xlsx lidos com sucesso.
Wed May 20 00:46:42 2020 - Arquivos SIAPE/2019_08_servidores/201908_Cadastro.RDS e SIAPE/2019_08_servidores/201908_Remuneracao.xlsx lidos com sucesso.
Wed May 20 00:47:14 2020 - Arquivos SIAPE/2019_09_servidores/201909_Cadastro.RDS e SIAPE/2019_09_servidores/201909_Remuneracao.xlsx lidos com sucesso.
Wed May 20 00:47:45 2020 - Arquivos SIAPE/2019_10_servidores/201910_Cadastro.RDS e SIAPE/2019_10_servidores/201910_Remuneracao.xlsx lidos com sucesso.
Wed May 20 00:48:17 2020 - Arquivos SIAPE/2019_11_servidores/201911_Cadastro.RDS e SIAPE/2019_11_servidores/201911_Remuneracao.xlsx lidos com sucesso.
Wed May 20 00:48:17 2020 - Não foi encontrado o arquivo: SIAPE/2019_12_servidores/201912_Cadastro.RDS
Thu May 21 23:58:26 2020 - Arquivos SIAPE/2013_01_servidores/201301_Cadastro.xlsx e SIAPE/2013_01_servidores/201301_Remuneracao.xlsx lidos com sucesso.
Thu May 21 23:59:27 2020 - Arquivos SIAPE/2013_02_servidores/201302_Cadastro.xlsx e SIAPE/2013_02_servidores/201302_Remuneracao.xlsx lidos com sucesso.
Fri May 22 00:00:09 2020 - Arquivos SIAPE/2013_03_servidores/201303_Cadastro.xlsx e SIAPE/2013_03_servidores/201303_Remuneracao.xlsx lidos com sucesso.
Fri May 22 01:17:29 2020 - Arquivos SIAPE/2013_01_servidores/201301_Cadastro.xlsx e SIAPE/2013_01_servidores/201301_Remuneracao.xlsx lidos com sucesso.
Fri May 22 01:24:02 2020 - Arquivos SIAPE/2013_01_servidores/201301_Cadastro.xlsx e SIAPE/2013_01_servidores/201301_Remuneracao.xlsx lidos com sucesso.
Fri May 22 01:24:59 2020 - Arquivos SIAPE/2013_02_servidores/201302_Cadastro.xlsx e SIAPE/2013_02_servidores/201302_Remuneracao.xlsx lidos com sucesso.
Fri May 22 01:45:07 2020 - Arquivos SIAPE/2013_01_servidores/201301_Cadastro.xlsx e SIAPE/2013_01_servidores/201301_Remuneracao.xlsx lidos com sucesso.
Fri May 22 01:45:56 2020 - Arquivos SIAPE/2013_02_servidores/201302_Cadastro.xlsx e SIAPE/2013_02_servidores/201302_Remuneracao.xlsx lidos com sucesso.
Fri May 22 01:52:49 2020 - Arquivos SIAPE/2013_01_servidores/201301_Cadastro.RDS e SIAPE/2013_01_servidores/201301_Remuneracao.xlsx lidos com sucesso.
Fri May 22 01:53:25 2020 - Arquivos SIAPE/2013_02_servidores/201302_Cadastro.RDS e SIAPE/2013_02_servidores/201302_Remuneracao.xlsx lidos com sucesso.
Fri May 22 01:59:18 2020 - Arquivos SIAPE/2013_01_servidores/201301_Cadastro.RDS e SIAPE/2013_01_servidores/201301_Remuneracao.xlsx lidos com sucesso.
Fri May 22 01:59:54 2020 - Arquivos SIAPE/2013_02_servidores/201302_Cadastro.RDS e SIAPE/2013_02_servidores/201302_Remuneracao.xlsx lidos com sucesso.
Fri May 22 02:03:25 2020 - Arquivos SIAPE/2013_01_servidores/201301_Cadastro.RDS e SIAPE/2013_01_servidores/201301_Remuneracao.xlsx lidos com sucesso.
Fri May 22 02:04:02 2020 - Arquivos SIAPE/2013_02_servidores/201302_Cadastro.RDS e SIAPE/2013_02_servidores/201302_Remuneracao.xlsx lidos com sucesso.
Fri May 22 02:08:24 2020 - Arquivos SIAPE/2013_01_servidores/201301_Cadastro.xlsx e SIAPE/2013_01_servidores/201301_Remuneracao.xlsx lidos com sucesso.
Fri May 22 02:09:06 2020 - Arquivos SIAPE/2013_02_servidores/201302_Cadastro.xlsx e SIAPE/2013_02_servidores/201302_Remuneracao.xlsx lidos com sucesso.
Fri May 22 02:17:34 2020 - Arquivos SIAPE/2013_01_servidores/201301_Cadastro.RDS e SIAPE/2013_01_servidores/201301_Remuneracao.xlsx lidos com sucesso.
Fri May 22 02:18:14 2020 - Arquivos SIAPE/2013_02_servidores/201302_Cadastro.RDS e SIAPE/2013_02_servidores/201302_Remuneracao.xlsx lidos com sucesso.
Fri May 22 02:23:33 2020 - Arquivos SIAPE/2013_01_servidores/201301_Cadastro.xlsx e SIAPE/2013_01_servidores/201301_Remuneracao.xlsx lidos com sucesso.
Fri May 22 02:24:08 2020 - Arquivos SIAPE/2013_02_servidores/201302_Cadastro.xlsx e SIAPE/2013_02_servidores/201302_Remuneracao.xlsx lidos com sucesso.
Fri May 22 02:27:55 2020 - Arquivos SIAPE/2013_01_servidores/201301_Cadastro.xlsx e SIAPE/2013_01_servidores/201301_Remuneracao.xlsx lidos com sucesso.
Fri May 22 02:28:31 2020 - Arquivos SIAPE/2013_02_servidores/201302_Cadastro.xlsx e SIAPE/2013_02_servidores/201302_Remuneracao.xlsx lidos com sucesso.
Sat May 23 16:04:47 2020 - Arquivos SIAPE/2013_01_servidores/201301_Cadastro.xlsx e SIAPE/2013_01_servidores/201301_Remuneracao.xlsx lidos com sucesso.
Sat May 23 16:19:02 2020 - Arquivos SIAPE/2013_01_servidores/201301_Cadastro.xlsx e SIAPE/2013_01_servidores/201301_Remuneracao.xlsx lidos com sucesso.
Sat May 23 16:19:40 2020 - Arquivos SIAPE/2013_02_servidores/201302_Cadastro.xlsx e SIAPE/2013_02_servidores/201302_Remuneracao.xlsx lidos com sucesso.
Sat May 23 16:20:15 2020 - Arquivos SIAPE/2013_03_servidores/201303_Cadastro.xlsx e SIAPE/2013_03_servidores/201303_Remuneracao.xlsx lidos com sucesso.
Sat May 23 16:20:52 2020 - Arquivos SIAPE/2013_04_servidores/201304_Cadastro.xlsx e SIAPE/2013_04_servidores/201304_Remuneracao.xlsx lidos com sucesso.
Sat May 23 16:21:32 2020 - Arquivos SIAPE/2013_05_servidores/201305_Cadastro.xlsx e SIAPE/2013_05_servidores/201305_Remuneracao.xlsx lidos com sucesso.
Sat May 23 16:22:12 2020 - Arquivos SIAPE/2013_06_servidores/201306_Cadastro.xlsx e SIAPE/2013_06_servidores/201306_Remuneracao.xlsx lidos com sucesso.
Sat May 23 16:23:02 2020 - Arquivos SIAPE/2013_07_servidores/201307_Cadastro.xlsx e SIAPE/2013_07_servidores/201307_Remuneracao.xlsx lidos com sucesso.
Sat May 23 16:23:41 2020 - Arquivos SIAPE/2013_08_servidores/201308_Cadastro.xlsx e SIAPE/2013_08_servidores/201308_Remuneracao.xlsx lidos com sucesso.
Sat May 23 16:24:20 2020 - Arquivos SIAPE/2013_09_servidores/201309_Cadastro.xlsx e SIAPE/2013_09_servidores/201309_Remuneracao.xlsx lidos com sucesso.
Sat May 23 16:24:58 2020 - Arquivos SIAPE/2013_10_servidores/201310_Cadastro.xlsx e SIAPE/2013_10_servidores/201310_Remuneracao.xlsx lidos com sucesso.
Sat May 23 16:25:35 2020 - Arquivos SIAPE/2013_11_servidores/201311_Cadastro.xlsx e SIAPE/2013_11_servidores/201311_Remuneracao.xlsx lidos com sucesso.
Sat May 23 16:26:15 2020 - Arquivos SIAPE/2013_12_servidores/201312_Cadastro.xlsx e SIAPE/2013_12_servidores/201312_Remuneracao.xlsx lidos com sucesso.
Sat May 23 16:26:53 2020 - Arquivos SIAPE/2014_01_servidores/201401_Cadastro.xlsx e SIAPE/2014_01_servidores/201401_Remuneracao.xlsx lidos com sucesso.
Sat May 23 16:27:31 2020 - Arquivos SIAPE/2014_02_servidores/201402_Cadastro.xlsx e SIAPE/2014_02_servidores/201402_Remuneracao.xlsx lidos com sucesso.
Sat May 23 16:28:10 2020 - Arquivos SIAPE/2014_03_servidores/201403_Cadastro.xlsx e SIAPE/2014_03_servidores/201403_Remuneracao.xlsx lidos com sucesso.
Sat May 23 16:28:48 2020 - Arquivos SIAPE/2014_04_servidores/201404_Cadastro.xlsx e SIAPE/2014_04_servidores/201404_Remuneracao.xlsx lidos com sucesso.
Sat May 23 16:29:25 2020 - Arquivos SIAPE/2014_05_servidores/201405_Cadastro.xlsx e SIAPE/2014_05_servidores/201405_Remuneracao.xlsx lidos com sucesso.
Sat May 23 16:30:04 2020 - Arquivos SIAPE/2014_06_servidores/201406_Cadastro.xlsx e SIAPE/2014_06_servidores/201406_Remuneracao.xlsx lidos com sucesso.
Sat May 23 16:30:42 2020 - Arquivos SIAPE/2014_07_servidores/201407_Cadastro.xlsx e SIAPE/2014_07_servidores/201407_Remuneracao.xlsx lidos com sucesso.
Sat May 23 16:31:21 2020 - Arquivos SIAPE/2014_08_servidores/201408_Cadastro.xlsx e SIAPE/2014_08_servidores/201408_Remuneracao.xlsx lidos com sucesso.
Sat May 23 16:32:00 2020 - Arquivos SIAPE/2014_09_servidores/201409_Cadastro.xlsx e SIAPE/2014_09_servidores/201409_Remuneracao.xlsx lidos com sucesso.
Sat May 23 16:32:39 2020 - Arquivos SIAPE/2014_10_servidores/201410_Cadastro.xlsx e SIAPE/2014_10_servidores/201410_Remuneracao.xlsx lidos com sucesso.
Sat May 23 16:33:18 2020 - Arquivos SIAPE/2014_11_servidores/201411_Cadastro.xlsx e SIAPE/2014_11_servidores/201411_Remuneracao.xlsx lidos com sucesso.
Sat May 23 16:33:59 2020 - Arquivos SIAPE/2014_12_servidores/201412_Cadastro.xlsx e SIAPE/2014_12_servidores/201412_Remuneracao.xlsx lidos com sucesso.
Sat May 23 16:34:42 2020 - Arquivos SIAPE/2015_01_servidores/201501_Cadastro.xlsx e SIAPE/2015_01_servidores/201501_Remuneracao.xlsx lidos com sucesso.
Sat May 23 16:35:37 2020 - Arquivos SIAPE/2015_02_servidores/201502_Cadastro.xlsx e SIAPE/2015_02_servidores/201502_Remuneracao.xlsx lidos com sucesso.
Sat May 23 16:36:19 2020 - Arquivos SIAPE/2015_03_servidores/201503_Cadastro.xlsx e SIAPE/2015_03_servidores/201503_Remuneracao.xlsx lidos com sucesso.
Sat May 23 16:36:57 2020 - Arquivos SIAPE/2015_04_servidores/201504_Cadastro.xlsx e SIAPE/2015_04_servidores/201504_Remuneracao.xlsx lidos com sucesso.
Sat May 23 16:37:36 2020 - Arquivos SIAPE/2015_05_servidores/201505_Cadastro.xlsx e SIAPE/2015_05_servidores/201505_Remuneracao.xlsx lidos com sucesso.
Sat May 23 16:38:15 2020 - Arquivos SIAPE/2015_06_servidores/201506_Cadastro.xlsx e SIAPE/2015_06_servidores/201506_Remuneracao.xlsx lidos com sucesso.
Sat May 23 16:38:54 2020 - Arquivos SIAPE/2015_07_servidores/201507_Cadastro.xlsx e SIAPE/2015_07_servidores/201507_Remuneracao.xlsx lidos com sucesso.
Sat May 23 16:39:34 2020 - Arquivos SIAPE/2015_08_servidores/201508_Cadastro.xlsx e SIAPE/2015_08_servidores/201508_Remuneracao.xlsx lidos com sucesso.
Sat May 23 16:40:14 2020 - Arquivos SIAPE/2015_09_servidores/201509_Cadastro.xlsx e SIAPE/2015_09_servidores/201509_Remuneracao.xlsx lidos com sucesso.
Sat May 23 16:40:54 2020 - Arquivos SIAPE/2015_10_servidores/201510_Cadastro.xlsx e SIAPE/2015_10_servidores/201510_Remuneracao.xlsx lidos com sucesso.
Sat May 23 16:41:34 2020 - Arquivos SIAPE/2015_11_servidores/201511_Cadastro.xlsx e SIAPE/2015_11_servidores/201511_Remuneracao.xlsx lidos com sucesso.
Sat May 23 16:42:14 2020 - Arquivos SIAPE/2015_12_servidores/201512_Cadastro.xlsx e SIAPE/2015_12_servidores/201512_Remuneracao.xlsx lidos com sucesso.
Sat May 23 16:42:53 2020 - Arquivos SIAPE/2016_01_servidores/201601_Cadastro.xlsx e SIAPE/2016_01_servidores/201601_Remuneracao.xlsx lidos com sucesso.
Sat May 23 16:43:32 2020 - Arquivos SIAPE/2016_02_servidores/201602_Cadastro.xlsx e SIAPE/2016_02_servidores/201602_Remuneracao.xlsx lidos com sucesso.
Sat May 23 16:44:14 2020 - Arquivos SIAPE/2016_03_servidores/201603_Cadastro.xlsx e SIAPE/2016_03_servidores/201603_Remuneracao.xlsx lidos com sucesso.
Sat May 23 16:44:53 2020 - Arquivos SIAPE/2016_04_servidores/201604_Cadastro.xlsx e SIAPE/2016_04_servidores/201604_Remuneracao.xlsx lidos com sucesso.
Sat May 23 16:45:33 2020 - Arquivos SIAPE/2016_05_servidores/201605_Cadastro.xlsx e SIAPE/2016_05_servidores/201605_Remuneracao.xlsx lidos com sucesso.
Sat May 23 16:46:14 2020 - Arquivos SIAPE/2016_06_servidores/201606_Cadastro.xlsx e SIAPE/2016_06_servidores/201606_Remuneracao.xlsx lidos com sucesso.
Sat May 23 16:46:54 2020 - Arquivos SIAPE/2016_07_servidores/201607_Cadastro.xlsx e SIAPE/2016_07_servidores/201607_Remuneracao.xlsx lidos com sucesso.
Sat May 23 16:47:35 2020 - Arquivos SIAPE/2016_08_servidores/201608_Cadastro.xlsx e SIAPE/2016_08_servidores/201608_Remuneracao.xlsx lidos com sucesso.
Sat May 23 16:48:15 2020 - Arquivos SIAPE/2016_09_servidores/201609_Cadastro.xlsx e SIAPE/2016_09_servidores/201609_Remuneracao.xlsx lidos com sucesso.
Sat May 23 16:48:56 2020 - Arquivos SIAPE/2016_10_servidores/201610_Cadastro.xlsx e SIAPE/2016_10_servidores/201610_Remuneracao.xlsx lidos com sucesso.
Sat May 23 16:49:36 2020 - Arquivos SIAPE/2016_11_servidores/201611_Cadastro.xlsx e SIAPE/2016_11_servidores/201611_Remuneracao.xlsx lidos com sucesso.
Sat May 23 16:50:15 2020 - Arquivos SIAPE/2016_12_servidores/201612_Cadastro.xlsx e SIAPE/2016_12_servidores/201612_Remuneracao.xlsx lidos com sucesso.
Sat May 23 16:50:55 2020 - Arquivos SIAPE/2017_01_servidores/201701_Cadastro.xlsx e SIAPE/2017_01_servidores/201701_Remuneracao.xlsx lidos com sucesso.
Sat May 23 16:51:35 2020 - Arquivos SIAPE/2017_02_servidores/201702_Cadastro.xlsx e SIAPE/2017_02_servidores/201702_Remuneracao.xlsx lidos com sucesso.
Sat May 23 16:52:16 2020 - Arquivos SIAPE/2017_03_servidores/201703_Cadastro.xlsx e SIAPE/2017_03_servidores/201703_Remuneracao.xlsx lidos com sucesso.
Sat May 23 16:52:56 2020 - Arquivos SIAPE/2017_04_servidores/201704_Cadastro.xlsx e SIAPE/2017_04_servidores/201704_Remuneracao.xlsx lidos com sucesso.
Sat May 23 16:53:37 2020 - Arquivos SIAPE/2017_05_servidores/201705_Cadastro.xlsx e SIAPE/2017_05_servidores/201705_Remuneracao.xlsx lidos com sucesso.
Sat May 23 16:54:18 2020 - Arquivos SIAPE/2017_06_servidores/201706_Cadastro.xlsx e SIAPE/2017_06_servidores/201706_Remuneracao.xlsx lidos com sucesso.
Sat May 23 16:54:57 2020 - Arquivos SIAPE/2017_07_servidores/201707_Cadastro.xlsx e SIAPE/2017_07_servidores/201707_Remuneracao.xlsx lidos com sucesso.
Sat May 23 16:55:43 2020 - Arquivos SIAPE/2017_08_servidores/201708_Cadastro.xlsx e SIAPE/2017_08_servidores/201708_Remuneracao.xlsx lidos com sucesso.
Sat May 23 16:56:35 2020 - Arquivos SIAPE/2017_09_servidores/201709_Cadastro.xlsx e SIAPE/2017_09_servidores/201709_Remuneracao.xlsx lidos com sucesso.
Sat May 23 16:57:28 2020 - Arquivos SIAPE/2017_10_servidores/201710_Cadastro.xlsx e SIAPE/2017_10_servidores/201710_Remuneracao.xlsx lidos com sucesso.
Sat May 23 16:58:16 2020 - Arquivos SIAPE/2017_11_servidores/201711_Cadastro.xlsx e SIAPE/2017_11_servidores/201711_Remuneracao.xlsx lidos com sucesso.
Sat May 23 16:59:03 2020 - Arquivos SIAPE/2017_12_servidores/201712_Cadastro.xlsx e SIAPE/2017_12_servidores/201712_Remuneracao.xlsx lidos com sucesso.
Sat May 23 16:59:50 2020 - Arquivos SIAPE/2018_01_servidores/201801_Cadastro.xlsx e SIAPE/2018_01_servidores/201801_Remuneracao.xlsx lidos com sucesso.
Sat May 23 17:00:30 2020 - Arquivos SIAPE/2018_02_servidores/201802_Cadastro.xlsx e SIAPE/2018_02_servidores/201802_Remuneracao.xlsx lidos com sucesso.
Sat May 23 17:01:17 2020 - Arquivos SIAPE/2018_03_servidores/201803_Cadastro.xlsx e SIAPE/2018_03_servidores/201803_Remuneracao.xlsx lidos com sucesso.
Sat May 23 17:02:00 2020 - Arquivos SIAPE/2018_04_servidores/201804_Cadastro.xlsx e SIAPE/2018_04_servidores/201804_Remuneracao.xlsx lidos com sucesso.
Sat May 23 17:02:42 2020 - Arquivos SIAPE/2018_05_servidores/201805_Cadastro.xlsx e SIAPE/2018_05_servidores/201805_Remuneracao.xlsx lidos com sucesso.
Sat May 23 17:03:23 2020 - Arquivos SIAPE/2018_06_servidores/201806_Cadastro.xlsx e SIAPE/2018_06_servidores/201806_Remuneracao.xlsx lidos com sucesso.
Sat May 23 17:04:02 2020 - Arquivos SIAPE/2018_07_servidores/201807_Cadastro.xlsx e SIAPE/2018_07_servidores/201807_Remuneracao.xlsx lidos com sucesso.
Sat May 23 17:04:43 2020 - Arquivos SIAPE/2018_08_servidores/201808_Cadastro.xlsx e SIAPE/2018_08_servidores/201808_Remuneracao.xlsx lidos com sucesso.
Sat May 23 17:05:24 2020 - Arquivos SIAPE/2018_09_servidores/201809_Cadastro.xlsx e SIAPE/2018_09_servidores/201809_Remuneracao.xlsx lidos com sucesso.
Sat May 23 17:06:05 2020 - Arquivos SIAPE/2018_10_servidores/201810_Cadastro.xlsx e SIAPE/2018_10_servidores/201810_Remuneracao.xlsx lidos com sucesso.
Sat May 23 17:06:49 2020 - Arquivos SIAPE/2018_11_servidores/201811_Cadastro.xlsx e SIAPE/2018_11_servidores/201811_Remuneracao.xlsx lidos com sucesso.
Sat May 23 17:07:30 2020 - Arquivos SIAPE/2018_12_servidores/201812_Cadastro.xlsx e SIAPE/2018_12_servidores/201812_Remuneracao.xlsx lidos com sucesso.
Sat May 23 17:08:12 2020 - Arquivos SIAPE/2019_01_servidores/201901_Cadastro.xlsx e SIAPE/2019_01_servidores/201901_Remuneracao.xlsx lidos com sucesso.
Sat May 23 17:08:54 2020 - Arquivos SIAPE/2019_02_servidores/201902_Cadastro.xlsx e SIAPE/2019_02_servidores/201902_Remuneracao.xlsx lidos com sucesso.
Sat May 23 17:09:34 2020 - Arquivos SIAPE/2019_03_servidores/201903_Cadastro.xlsx e SIAPE/2019_03_servidores/201903_Remuneracao.xlsx lidos com sucesso.
Sat May 23 17:10:14 2020 - Arquivos SIAPE/2019_04_servidores/201904_Cadastro.xlsx e SIAPE/2019_04_servidores/201904_Remuneracao.xlsx lidos com sucesso.
Sat May 23 17:10:54 2020 - Arquivos SIAPE/2019_05_servidores/201905_Cadastro.xlsx e SIAPE/2019_05_servidores/201905_Remuneracao.xlsx lidos com sucesso.
Sat May 23 17:11:34 2020 - Arquivos SIAPE/2019_06_servidores/201906_Cadastro.xlsx e SIAPE/2019_06_servidores/201906_Remuneracao.xlsx lidos com sucesso.
Sat May 23 17:12:22 2020 - Arquivos SIAPE/2019_07_servidores/201907_Cadastro.xlsx e SIAPE/2019_07_servidores/201907_Remuneracao.xlsx lidos com sucesso.
Sat May 23 17:13:05 2020 - Arquivos SIAPE/2019_08_servidores/201908_Cadastro.xlsx e SIAPE/2019_08_servidores/201908_Remuneracao.xlsx lidos com sucesso.
Sat May 23 17:13:49 2020 - Arquivos SIAPE/2019_09_servidores/201909_Cadastro.xlsx e SIAPE/2019_09_servidores/201909_Remuneracao.xlsx lidos com sucesso.
Sat May 23 17:14:29 2020 - Arquivos SIAPE/2019_10_servidores/201910_Cadastro.xlsx e SIAPE/2019_10_servidores/201910_Remuneracao.xlsx lidos com sucesso.
Sat May 23 17:15:07 2020 - Arquivos SIAPE/2019_11_servidores/201911_Cadastro.xlsx e SIAPE/2019_11_servidores/201911_Remuneracao.xlsx lidos com sucesso.
Sat May 23 17:15:07 2020 - Não foi encontrado o arquivo: SIAPE/2019_12_servidores/201912_Cadastro.xlsx
Sat May 23 17:20:53 2020 - Arquivos SIAPE/2013_01_servidores/201301_Cadastro.RDS e SIAPE/2013_01_servidores/201301_Remuneracao.xlsx lidos com sucesso.
Sat May 23 17:21:27 2020 - Arquivos SIAPE/2013_02_servidores/201302_Cadastro.RDS e SIAPE/2013_02_servidores/201302_Remuneracao.xlsx lidos com sucesso.
Sat May 23 17:22:01 2020 - Arquivos SIAPE/2013_03_servidores/201303_Cadastro.RDS e SIAPE/2013_03_servidores/201303_Remuneracao.xlsx lidos com sucesso.
Sat May 23 17:22:34 2020 - Arquivos SIAPE/2013_04_servidores/201304_Cadastro.RDS e SIAPE/2013_04_servidores/201304_Remuneracao.xlsx lidos com sucesso.
Sat May 23 17:23:07 2020 - Arquivos SIAPE/2013_05_servidores/201305_Cadastro.RDS e SIAPE/2013_05_servidores/201305_Remuneracao.xlsx lidos com sucesso.
Sat May 23 17:23:40 2020 - Arquivos SIAPE/2013_06_servidores/201306_Cadastro.RDS e SIAPE/2013_06_servidores/201306_Remuneracao.xlsx lidos com sucesso.
Sat May 23 17:24:14 2020 - Arquivos SIAPE/2013_07_servidores/201307_Cadastro.RDS e SIAPE/2013_07_servidores/201307_Remuneracao.xlsx lidos com sucesso.
Sat May 23 17:24:48 2020 - Arquivos SIAPE/2013_08_servidores/201308_Cadastro.RDS e SIAPE/2013_08_servidores/201308_Remuneracao.xlsx lidos com sucesso.
Sat May 23 17:25:22 2020 - Arquivos SIAPE/2013_09_servidores/201309_Cadastro.RDS e SIAPE/2013_09_servidores/201309_Remuneracao.xlsx lidos com sucesso.
Sat May 23 17:25:56 2020 - Arquivos SIAPE/2013_10_servidores/201310_Cadastro.RDS e SIAPE/2013_10_servidores/201310_Remuneracao.xlsx lidos com sucesso.
Sat May 23 17:26:29 2020 - Arquivos SIAPE/2013_11_servidores/201311_Cadastro.RDS e SIAPE/2013_11_servidores/201311_Remuneracao.xlsx lidos com sucesso.
Sat May 23 17:27:03 2020 - Arquivos SIAPE/2013_12_servidores/201312_Cadastro.RDS e SIAPE/2013_12_servidores/201312_Remuneracao.xlsx lidos com sucesso.
Sat May 23 17:27:38 2020 - Arquivos SIAPE/2014_01_servidores/201401_Cadastro.RDS e SIAPE/2014_01_servidores/201401_Remuneracao.xlsx lidos com sucesso.
Sat May 23 17:28:13 2020 - Arquivos SIAPE/2014_02_servidores/201402_Cadastro.RDS e SIAPE/2014_02_servidores/201402_Remuneracao.xlsx lidos com sucesso.
Sat May 23 17:28:47 2020 - Arquivos SIAPE/2014_03_servidores/201403_Cadastro.RDS e SIAPE/2014_03_servidores/201403_Remuneracao.xlsx lidos com sucesso.
Sat May 23 17:29:21 2020 - Arquivos SIAPE/2014_04_servidores/201404_Cadastro.RDS e SIAPE/2014_04_servidores/201404_Remuneracao.xlsx lidos com sucesso.
Sat May 23 17:29:56 2020 - Arquivos SIAPE/2014_05_servidores/201405_Cadastro.RDS e SIAPE/2014_05_servidores/201405_Remuneracao.xlsx lidos com sucesso.
Sat May 23 17:30:33 2020 - Arquivos SIAPE/2014_06_servidores/201406_Cadastro.RDS e SIAPE/2014_06_servidores/201406_Remuneracao.xlsx lidos com sucesso.
Sat May 23 17:31:08 2020 - Arquivos SIAPE/2014_07_servidores/201407_Cadastro.RDS e SIAPE/2014_07_servidores/201407_Remuneracao.xlsx lidos com sucesso.
Sat May 23 17:31:42 2020 - Arquivos SIAPE/2014_08_servidores/201408_Cadastro.RDS e SIAPE/2014_08_servidores/201408_Remuneracao.xlsx lidos com sucesso.
Sat May 23 17:32:16 2020 - Arquivos SIAPE/2014_09_servidores/201409_Cadastro.RDS e SIAPE/2014_09_servidores/201409_Remuneracao.xlsx lidos com sucesso.
Sat May 23 17:32:52 2020 - Arquivos SIAPE/2014_10_servidores/201410_Cadastro.RDS e SIAPE/2014_10_servidores/201410_Remuneracao.xlsx lidos com sucesso.
Sat May 23 17:33:27 2020 - Arquivos SIAPE/2014_11_servidores/201411_Cadastro.RDS e SIAPE/2014_11_servidores/201411_Remuneracao.xlsx lidos com sucesso.
Sat May 23 17:34:02 2020 - Arquivos SIAPE/2014_12_servidores/201412_Cadastro.RDS e SIAPE/2014_12_servidores/201412_Remuneracao.xlsx lidos com sucesso.
Sat May 23 17:34:38 2020 - Arquivos SIAPE/2015_01_servidores/201501_Cadastro.RDS e SIAPE/2015_01_servidores/201501_Remuneracao.xlsx lidos com sucesso.
Sat May 23 17:35:13 2020 - Arquivos SIAPE/2015_02_servidores/201502_Cadastro.RDS e SIAPE/2015_02_servidores/201502_Remuneracao.xlsx lidos com sucesso.
Sat May 23 17:35:49 2020 - Arquivos SIAPE/2015_03_servidores/201503_Cadastro.RDS e SIAPE/2015_03_servidores/201503_Remuneracao.xlsx lidos com sucesso.
Sat May 23 17:36:24 2020 - Arquivos SIAPE/2015_04_servidores/201504_Cadastro.RDS e SIAPE/2015_04_servidores/201504_Remuneracao.xlsx lidos com sucesso.
Sat May 23 17:37:00 2020 - Arquivos SIAPE/2015_05_servidores/201505_Cadastro.RDS e SIAPE/2015_05_servidores/201505_Remuneracao.xlsx lidos com sucesso.
Sat May 23 17:37:35 2020 - Arquivos SIAPE/2015_06_servidores/201506_Cadastro.RDS e SIAPE/2015_06_servidores/201506_Remuneracao.xlsx lidos com sucesso.
Sat May 23 17:38:11 2020 - Arquivos SIAPE/2015_07_servidores/201507_Cadastro.RDS e SIAPE/2015_07_servidores/201507_Remuneracao.xlsx lidos com sucesso.
Sat May 23 17:38:47 2020 - Arquivos SIAPE/2015_08_servidores/201508_Cadastro.RDS e SIAPE/2015_08_servidores/201508_Remuneracao.xlsx lidos com sucesso.
Sat May 23 17:39:23 2020 - Arquivos SIAPE/2015_09_servidores/201509_Cadastro.RDS e SIAPE/2015_09_servidores/201509_Remuneracao.xlsx lidos com sucesso.
Sat May 23 17:40:00 2020 - Arquivos SIAPE/2015_10_servidores/201510_Cadastro.RDS e SIAPE/2015_10_servidores/201510_Remuneracao.xlsx lidos com sucesso.
Sat May 23 17:40:36 2020 - Arquivos SIAPE/2015_11_servidores/201511_Cadastro.RDS e SIAPE/2015_11_servidores/201511_Remuneracao.xlsx lidos com sucesso.
Sat May 23 17:41:11 2020 - Arquivos SIAPE/2015_12_servidores/201512_Cadastro.RDS e SIAPE/2015_12_servidores/201512_Remuneracao.xlsx lidos com sucesso.
Sat May 23 17:41:47 2020 - Arquivos SIAPE/2016_01_servidores/201601_Cadastro.RDS e SIAPE/2016_01_servidores/201601_Remuneracao.xlsx lidos com sucesso.
Sat May 23 17:42:27 2020 - Arquivos SIAPE/2016_02_servidores/201602_Cadastro.RDS e SIAPE/2016_02_servidores/201602_Remuneracao.xlsx lidos com sucesso.
Sat May 23 17:43:04 2020 - Arquivos SIAPE/2016_03_servidores/201603_Cadastro.RDS e SIAPE/2016_03_servidores/201603_Remuneracao.xlsx lidos com sucesso.
Sat May 23 17:43:43 2020 - Arquivos SIAPE/2016_04_servidores/201604_Cadastro.RDS e SIAPE/2016_04_servidores/201604_Remuneracao.xlsx lidos com sucesso.
Sat May 23 17:44:27 2020 - Arquivos SIAPE/2016_05_servidores/201605_Cadastro.RDS e SIAPE/2016_05_servidores/201605_Remuneracao.xlsx lidos com sucesso.
Sat May 23 17:45:05 2020 - Arquivos SIAPE/2016_06_servidores/201606_Cadastro.RDS e SIAPE/2016_06_servidores/201606_Remuneracao.xlsx lidos com sucesso.
Sat May 23 17:45:41 2020 - Arquivos SIAPE/2016_07_servidores/201607_Cadastro.RDS e SIAPE/2016_07_servidores/201607_Remuneracao.xlsx lidos com sucesso.
Sat May 23 17:46:18 2020 - Arquivos SIAPE/2016_08_servidores/201608_Cadastro.RDS e SIAPE/2016_08_servidores/201608_Remuneracao.xlsx lidos com sucesso.
Sat May 23 17:46:53 2020 - Arquivos SIAPE/2016_09_servidores/201609_Cadastro.RDS e SIAPE/2016_09_servidores/201609_Remuneracao.xlsx lidos com sucesso.
Sat May 23 17:47:30 2020 - Arquivos SIAPE/2016_10_servidores/201610_Cadastro.RDS e SIAPE/2016_10_servidores/201610_Remuneracao.xlsx lidos com sucesso.
Sat May 23 17:48:06 2020 - Arquivos SIAPE/2016_11_servidores/201611_Cadastro.RDS e SIAPE/2016_11_servidores/201611_Remuneracao.xlsx lidos com sucesso.
Sat May 23 17:48:41 2020 - Arquivos SIAPE/2016_12_servidores/201612_Cadastro.RDS e SIAPE/2016_12_servidores/201612_Remuneracao.xlsx lidos com sucesso.
Sat May 23 17:49:22 2020 - Arquivos SIAPE/2017_01_servidores/201701_Cadastro.RDS e SIAPE/2017_01_servidores/201701_Remuneracao.xlsx lidos com sucesso.
Sat May 23 17:50:02 2020 - Arquivos SIAPE/2017_02_servidores/201702_Cadastro.RDS e SIAPE/2017_02_servidores/201702_Remuneracao.xlsx lidos com sucesso.
Sat May 23 17:50:47 2020 - Arquivos SIAPE/2017_03_servidores/201703_Cadastro.RDS e SIAPE/2017_03_servidores/201703_Remuneracao.xlsx lidos com sucesso.
Sat May 23 17:51:29 2020 - Arquivos SIAPE/2017_04_servidores/201704_Cadastro.RDS e SIAPE/2017_04_servidores/201704_Remuneracao.xlsx lidos com sucesso.
Sat May 23 17:52:08 2020 - Arquivos SIAPE/2017_05_servidores/201705_Cadastro.RDS e SIAPE/2017_05_servidores/201705_Remuneracao.xlsx lidos com sucesso.
Sat May 23 17:52:45 2020 - Arquivos SIAPE/2017_06_servidores/201706_Cadastro.RDS e SIAPE/2017_06_servidores/201706_Remuneracao.xlsx lidos com sucesso.
Sat May 23 17:53:23 2020 - Arquivos SIAPE/2017_07_servidores/201707_Cadastro.RDS e SIAPE/2017_07_servidores/201707_Remuneracao.xlsx lidos com sucesso.
Sat May 23 17:54:01 2020 - Arquivos SIAPE/2017_08_servidores/201708_Cadastro.RDS e SIAPE/2017_08_servidores/201708_Remuneracao.xlsx lidos com sucesso.
Sat May 23 17:54:40 2020 - Arquivos SIAPE/2017_09_servidores/201709_Cadastro.RDS e SIAPE/2017_09_servidores/201709_Remuneracao.xlsx lidos com sucesso.
Sat May 23 17:55:18 2020 - Arquivos SIAPE/2017_10_servidores/201710_Cadastro.RDS e SIAPE/2017_10_servidores/201710_Remuneracao.xlsx lidos com sucesso.
Sat May 23 17:56:03 2020 - Arquivos SIAPE/2017_11_servidores/201711_Cadastro.RDS e SIAPE/2017_11_servidores/201711_Remuneracao.xlsx lidos com sucesso.
Sat May 23 17:56:39 2020 - Arquivos SIAPE/2017_12_servidores/201712_Cadastro.RDS e SIAPE/2017_12_servidores/201712_Remuneracao.xlsx lidos com sucesso.
Sat May 23 17:57:16 2020 - Arquivos SIAPE/2018_01_servidores/201801_Cadastro.RDS e SIAPE/2018_01_servidores/201801_Remuneracao.xlsx lidos com sucesso.
Sat May 23 17:58:06 2020 - Arquivos SIAPE/2018_02_servidores/201802_Cadastro.RDS e SIAPE/2018_02_servidores/201802_Remuneracao.xlsx lidos com sucesso.
Sat May 23 17:59:04 2020 - Arquivos SIAPE/2018_03_servidores/201803_Cadastro.RDS e SIAPE/2018_03_servidores/201803_Remuneracao.xlsx lidos com sucesso.
Sat May 23 18:00:05 2020 - Arquivos SIAPE/2018_04_servidores/201804_Cadastro.RDS e SIAPE/2018_04_servidores/201804_Remuneracao.xlsx lidos com sucesso.
Sat May 23 18:00:53 2020 - Arquivos SIAPE/2018_05_servidores/201805_Cadastro.RDS e SIAPE/2018_05_servidores/201805_Remuneracao.xlsx lidos com sucesso.
Sat May 23 18:01:44 2020 - Arquivos SIAPE/2018_06_servidores/201806_Cadastro.RDS e SIAPE/2018_06_servidores/201806_Remuneracao.xlsx lidos com sucesso.
Sat May 23 18:02:46 2020 - Arquivos SIAPE/2018_07_servidores/201807_Cadastro.RDS e SIAPE/2018_07_servidores/201807_Remuneracao.xlsx lidos com sucesso.
Sat May 23 18:03:51 2020 - Arquivos SIAPE/2018_08_servidores/201808_Cadastro.RDS e SIAPE/2018_08_servidores/201808_Remuneracao.xlsx lidos com sucesso.
Sat May 23 18:05:01 2020 - Arquivos SIAPE/2018_09_servidores/201809_Cadastro.RDS e SIAPE/2018_09_servidores/201809_Remuneracao.xlsx lidos com sucesso.
Sat May 23 18:06:19 2020 - Arquivos SIAPE/2018_10_servidores/201810_Cadastro.RDS e SIAPE/2018_10_servidores/201810_Remuneracao.xlsx lidos com sucesso.
Sat May 23 18:07:33 2020 - Arquivos SIAPE/2018_11_servidores/201811_Cadastro.RDS e SIAPE/2018_11_servidores/201811_Remuneracao.xlsx lidos com sucesso.
Sat May 23 18:08:32 2020 - Arquivos SIAPE/2018_12_servidores/201812_Cadastro.RDS e SIAPE/2018_12_servidores/201812_Remuneracao.xlsx lidos com sucesso.
Sat May 23 18:09:31 2020 - Arquivos SIAPE/2019_01_servidores/201901_Cadastro.RDS e SIAPE/2019_01_servidores/201901_Remuneracao.xlsx lidos com sucesso.
Sat May 23 18:10:28 2020 - Arquivos SIAPE/2019_02_servidores/201902_Cadastro.RDS e SIAPE/2019_02_servidores/201902_Remuneracao.xlsx lidos com sucesso.
Sat May 23 18:11:38 2020 - Arquivos SIAPE/2019_03_servidores/201903_Cadastro.RDS e SIAPE/2019_03_servidores/201903_Remuneracao.xlsx lidos com sucesso.
Sat May 23 18:12:40 2020 - Arquivos SIAPE/2019_04_servidores/201904_Cadastro.RDS e SIAPE/2019_04_servidores/201904_Remuneracao.xlsx lidos com sucesso.
Sat May 23 18:13:51 2020 - Arquivos SIAPE/2019_05_servidores/201905_Cadastro.RDS e SIAPE/2019_05_servidores/201905_Remuneracao.xlsx lidos com sucesso.
Sat May 23 18:14:43 2020 - Arquivos SIAPE/2019_06_servidores/201906_Cadastro.RDS e SIAPE/2019_06_servidores/201906_Remuneracao.xlsx lidos com sucesso.
Sat May 23 18:15:33 2020 - Arquivos SIAPE/2019_07_servidores/201907_Cadastro.RDS e SIAPE/2019_07_servidores/201907_Remuneracao.xlsx lidos com sucesso.
Sat May 23 18:16:26 2020 - Arquivos SIAPE/2019_08_servidores/201908_Cadastro.RDS e SIAPE/2019_08_servidores/201908_Remuneracao.xlsx lidos com sucesso.
Sat May 23 18:17:19 2020 - Arquivos SIAPE/2019_09_servidores/201909_Cadastro.RDS e SIAPE/2019_09_servidores/201909_Remuneracao.xlsx lidos com sucesso.
Sat May 23 18:18:11 2020 - Arquivos SIAPE/2019_10_servidores/201910_Cadastro.RDS e SIAPE/2019_10_servidores/201910_Remuneracao.xlsx lidos com sucesso.
Sat May 23 18:19:01 2020 - Arquivos SIAPE/2019_11_servidores/201911_Cadastro.RDS e SIAPE/2019_11_servidores/201911_Remuneracao.xlsx lidos com sucesso.
Sat May 23 18:19:01 2020 - Não foi encontrado o arquivo: SIAPE/2019_12_servidores/201912_Cadastro.RDS
