Wed May 20 20:03:40 2020 - Não foi encontrado o arquivo: SIAPE/2013_01_servidores/201301_Cadastro_CHEFIA.csv
Wed May 20 20:03:40 2020 - Não foi encontrado o arquivo: SIAPE/2013_02_servidores/201302_Cadastro_CHEFIA.csv
Wed May 20 20:03:40 2020 - Não foi encontrado o arquivo: SIAPE/2013_03_servidores/201303_Cadastro_CHEFIA.csv
Wed May 20 20:03:40 2020 - Não foi encontrado o arquivo: SIAPE/2013_04_servidores/201304_Cadastro_CHEFIA.csv
Wed May 20 20:03:40 2020 - Não foi encontrado o arquivo: SIAPE/2013_05_servidores/201305_Cadastro_CHEFIA.csv
Wed May 20 20:03:40 2020 - Não foi encontrado o arquivo: SIAPE/2013_06_servidores/201306_Cadastro_CHEFIA.csv
Wed May 20 20:03:40 2020 - Não foi encontrado o arquivo: SIAPE/2013_07_servidores/201307_Cadastro_CHEFIA.csv
Wed May 20 20:03:40 2020 - Não foi encontrado o arquivo: SIAPE/2013_08_servidores/201308_Cadastro_CHEFIA.csv
Wed May 20 20:03:40 2020 - Não foi encontrado o arquivo: SIAPE/2013_09_servidores/201309_Cadastro_CHEFIA.csv
Wed May 20 20:03:40 2020 - Não foi encontrado o arquivo: SIAPE/2013_10_servidores/201310_Cadastro_CHEFIA.csv
Wed May 20 20:03:40 2020 - Não foi encontrado o arquivo: SIAPE/2013_11_servidores/201311_Cadastro_CHEFIA.csv
Wed May 20 20:03:40 2020 - Não foi encontrado o arquivo: SIAPE/2013_12_servidores/201312_Cadastro_CHEFIA.csv
Wed May 20 20:03:40 2020 - Não foi encontrado o arquivo: SIAPE/2014_01_servidores/201401_Cadastro_CHEFIA.csv
Wed May 20 20:03:40 2020 - Não foi encontrado o arquivo: SIAPE/2014_02_servidores/201402_Cadastro_CHEFIA.csv
Wed May 20 20:03:40 2020 - Não foi encontrado o arquivo: SIAPE/2014_03_servidores/201403_Cadastro_CHEFIA.csv
Wed May 20 20:03:40 2020 - Não foi encontrado o arquivo: SIAPE/2014_04_servidores/201404_Cadastro_CHEFIA.csv
Wed May 20 20:03:40 2020 - Não foi encontrado o arquivo: SIAPE/2014_05_servidores/201405_Cadastro_CHEFIA.csv
Wed May 20 20:03:40 2020 - Não foi encontrado o arquivo: SIAPE/2014_06_servidores/201406_Cadastro_CHEFIA.csv
Wed May 20 20:03:40 2020 - Não foi encontrado o arquivo: SIAPE/2014_07_servidores/201407_Cadastro_CHEFIA.csv
Wed May 20 20:03:40 2020 - Não foi encontrado o arquivo: SIAPE/2014_08_servidores/201408_Cadastro_CHEFIA.csv
Wed May 20 20:03:40 2020 - Não foi encontrado o arquivo: SIAPE/2014_09_servidores/201409_Cadastro_CHEFIA.csv
Wed May 20 20:03:40 2020 - Não foi encontrado o arquivo: SIAPE/2014_10_servidores/201410_Cadastro_CHEFIA.csv
Wed May 20 20:03:40 2020 - Não foi encontrado o arquivo: SIAPE/2014_11_servidores/201411_Cadastro_CHEFIA.csv
Wed May 20 20:03:40 2020 - Não foi encontrado o arquivo: SIAPE/2014_12_servidores/201412_Cadastro_CHEFIA.csv
Wed May 20 20:03:40 2020 - Não foi encontrado o arquivo: SIAPE/2015_01_servidores/201501_Cadastro_CHEFIA.csv
Wed May 20 20:03:40 2020 - Não foi encontrado o arquivo: SIAPE/2015_02_servidores/201502_Cadastro_CHEFIA.csv
Wed May 20 20:03:40 2020 - Não foi encontrado o arquivo: SIAPE/2015_03_servidores/201503_Cadastro_CHEFIA.csv
Wed May 20 20:03:40 2020 - Não foi encontrado o arquivo: SIAPE/2015_04_servidores/201504_Cadastro_CHEFIA.csv
Wed May 20 20:03:40 2020 - Não foi encontrado o arquivo: SIAPE/2015_05_servidores/201505_Cadastro_CHEFIA.csv
Wed May 20 20:03:40 2020 - Não foi encontrado o arquivo: SIAPE/2015_06_servidores/201506_Cadastro_CHEFIA.csv
Wed May 20 20:03:40 2020 - Não foi encontrado o arquivo: SIAPE/2015_07_servidores/201507_Cadastro_CHEFIA.csv
Wed May 20 20:03:40 2020 - Não foi encontrado o arquivo: SIAPE/2015_08_servidores/201508_Cadastro_CHEFIA.csv
Wed May 20 20:03:40 2020 - Não foi encontrado o arquivo: SIAPE/2015_09_servidores/201509_Cadastro_CHEFIA.csv
Wed May 20 20:03:40 2020 - Não foi encontrado o arquivo: SIAPE/2015_10_servidores/201510_Cadastro_CHEFIA.csv
Wed May 20 20:03:40 2020 - Não foi encontrado o arquivo: SIAPE/2015_11_servidores/201511_Cadastro_CHEFIA.csv
Wed May 20 20:03:40 2020 - Não foi encontrado o arquivo: SIAPE/2015_12_servidores/201512_Cadastro_CHEFIA.csv
Wed May 20 20:03:40 2020 - Não foi encontrado o arquivo: SIAPE/2016_01_servidores/201601_Cadastro_CHEFIA.csv
Wed May 20 20:03:40 2020 - Não foi encontrado o arquivo: SIAPE/2016_02_servidores/201602_Cadastro_CHEFIA.csv
Wed May 20 20:03:40 2020 - Não foi encontrado o arquivo: SIAPE/2016_03_servidores/201603_Cadastro_CHEFIA.csv
Wed May 20 20:03:40 2020 - Não foi encontrado o arquivo: SIAPE/2016_04_servidores/201604_Cadastro_CHEFIA.csv
Wed May 20 20:03:40 2020 - Não foi encontrado o arquivo: SIAPE/2016_05_servidores/201605_Cadastro_CHEFIA.csv
Wed May 20 20:03:40 2020 - Não foi encontrado o arquivo: SIAPE/2016_06_servidores/201606_Cadastro_CHEFIA.csv
Wed May 20 20:03:40 2020 - Não foi encontrado o arquivo: SIAPE/2016_07_servidores/201607_Cadastro_CHEFIA.csv
Wed May 20 20:03:40 2020 - Não foi encontrado o arquivo: SIAPE/2016_08_servidores/201608_Cadastro_CHEFIA.csv
Wed May 20 20:03:40 2020 - Não foi encontrado o arquivo: SIAPE/2016_09_servidores/201609_Cadastro_CHEFIA.csv
Wed May 20 20:03:40 2020 - Não foi encontrado o arquivo: SIAPE/2016_10_servidores/201610_Cadastro_CHEFIA.csv
Wed May 20 20:03:40 2020 - Não foi encontrado o arquivo: SIAPE/2016_11_servidores/201611_Cadastro_CHEFIA.csv
Wed May 20 20:03:40 2020 - Não foi encontrado o arquivo: SIAPE/2016_12_servidores/201612_Cadastro_CHEFIA.csv
Wed May 20 20:03:40 2020 - Não foi encontrado o arquivo: SIAPE/2017_01_servidores/201701_Cadastro_CHEFIA.csv
Wed May 20 20:03:40 2020 - Não foi encontrado o arquivo: SIAPE/2017_02_servidores/201702_Cadastro_CHEFIA.csv
Wed May 20 20:03:40 2020 - Não foi encontrado o arquivo: SIAPE/2017_03_servidores/201703_Cadastro_CHEFIA.csv
Wed May 20 20:03:40 2020 - Não foi encontrado o arquivo: SIAPE/2017_04_servidores/201704_Cadastro_CHEFIA.csv
Wed May 20 20:03:40 2020 - Não foi encontrado o arquivo: SIAPE/2017_05_servidores/201705_Cadastro_CHEFIA.csv
Wed May 20 20:03:40 2020 - Não foi encontrado o arquivo: SIAPE/2017_06_servidores/201706_Cadastro_CHEFIA.csv
Wed May 20 20:03:40 2020 - Não foi encontrado o arquivo: SIAPE/2017_07_servidores/201707_Cadastro_CHEFIA.csv
Wed May 20 20:03:40 2020 - Não foi encontrado o arquivo: SIAPE/2017_08_servidores/201708_Cadastro_CHEFIA.csv
Wed May 20 20:03:40 2020 - Não foi encontrado o arquivo: SIAPE/2017_09_servidores/201709_Cadastro_CHEFIA.csv
Wed May 20 20:03:40 2020 - Não foi encontrado o arquivo: SIAPE/2017_10_servidores/201710_Cadastro_CHEFIA.csv
Wed May 20 20:03:40 2020 - Não foi encontrado o arquivo: SIAPE/2017_11_servidores/201711_Cadastro_CHEFIA.csv
Wed May 20 20:03:40 2020 - Não foi encontrado o arquivo: SIAPE/2017_12_servidores/201712_Cadastro_CHEFIA.csv
Wed May 20 20:03:40 2020 - Não foi encontrado o arquivo: SIAPE/2018_01_servidores/201801_Cadastro_CHEFIA.csv
Wed May 20 20:03:40 2020 - Não foi encontrado o arquivo: SIAPE/2018_02_servidores/201802_Cadastro_CHEFIA.csv
Wed May 20 20:03:40 2020 - Não foi encontrado o arquivo: SIAPE/2018_03_servidores/201803_Cadastro_CHEFIA.csv
Wed May 20 20:03:40 2020 - Não foi encontrado o arquivo: SIAPE/2018_04_servidores/201804_Cadastro_CHEFIA.csv
Wed May 20 20:03:40 2020 - Não foi encontrado o arquivo: SIAPE/2018_05_servidores/201805_Cadastro_CHEFIA.csv
Wed May 20 20:03:40 2020 - Não foi encontrado o arquivo: SIAPE/2018_06_servidores/201806_Cadastro_CHEFIA.csv
Wed May 20 20:03:40 2020 - Não foi encontrado o arquivo: SIAPE/2018_07_servidores/201807_Cadastro_CHEFIA.csv
Wed May 20 20:03:40 2020 - Não foi encontrado o arquivo: SIAPE/2018_08_servidores/201808_Cadastro_CHEFIA.csv
Wed May 20 20:03:40 2020 - Não foi encontrado o arquivo: SIAPE/2018_09_servidores/201809_Cadastro_CHEFIA.csv
Wed May 20 20:03:40 2020 - Não foi encontrado o arquivo: SIAPE/2018_10_servidores/201810_Cadastro_CHEFIA.csv
Wed May 20 20:03:40 2020 - Não foi encontrado o arquivo: SIAPE/2018_11_servidores/201811_Cadastro_CHEFIA.csv
Wed May 20 20:03:40 2020 - Não foi encontrado o arquivo: SIAPE/2018_12_servidores/201812_Cadastro_CHEFIA.csv
Wed May 20 20:03:40 2020 - Não foi encontrado o arquivo: SIAPE/2019_01_servidores/201901_Cadastro_CHEFIA.csv
Wed May 20 20:03:40 2020 - Não foi encontrado o arquivo: SIAPE/2019_02_servidores/201902_Cadastro_CHEFIA.csv
Wed May 20 20:03:40 2020 - Não foi encontrado o arquivo: SIAPE/2019_03_servidores/201903_Cadastro_CHEFIA.csv
Wed May 20 20:03:40 2020 - Não foi encontrado o arquivo: SIAPE/2019_04_servidores/201904_Cadastro_CHEFIA.csv
Wed May 20 20:03:40 2020 - Não foi encontrado o arquivo: SIAPE/2019_05_servidores/201905_Cadastro_CHEFIA.csv
Wed May 20 20:03:40 2020 - Não foi encontrado o arquivo: SIAPE/2019_06_servidores/201906_Cadastro_CHEFIA.csv
Wed May 20 20:03:40 2020 - Não foi encontrado o arquivo: SIAPE/2019_07_servidores/201907_Cadastro_CHEFIA.csv
Wed May 20 20:03:40 2020 - Não foi encontrado o arquivo: SIAPE/2019_08_servidores/201908_Cadastro_CHEFIA.csv
Wed May 20 20:03:40 2020 - Não foi encontrado o arquivo: SIAPE/2019_09_servidores/201909_Cadastro_CHEFIA.csv
Wed May 20 20:03:40 2020 - Não foi encontrado o arquivo: SIAPE/2019_10_servidores/201910_Cadastro_CHEFIA.csv
Wed May 20 20:03:40 2020 - Não foi encontrado o arquivo: SIAPE/2019_11_servidores/201911_Cadastro_CHEFIA.csv
Wed May 20 20:03:40 2020 - Não foi encontrado o arquivo: SIAPE/2019_12_servidores/201912_Cadastro_CHEFIA.csv
Wed May 20 20:08:22 2020 - Arquivos SIAPE/2013_01_servidores/201301_Cadastro_CHEFIA.csv lido com sucesso.
Wed May 20 20:08:26 2020 - Arquivos SIAPE/2013_02_servidores/201302_Cadastro_CHEFIA.csv lido com sucesso.
Wed May 20 20:08:30 2020 - Arquivos SIAPE/2013_03_servidores/201303_Cadastro_CHEFIA.csv lido com sucesso.
Wed May 20 20:08:33 2020 - Arquivos SIAPE/2013_04_servidores/201304_Cadastro_CHEFIA.csv lido com sucesso.
Wed May 20 20:08:37 2020 - Arquivos SIAPE/2013_05_servidores/201305_Cadastro_CHEFIA.csv lido com sucesso.
Wed May 20 20:08:41 2020 - Arquivos SIAPE/2013_06_servidores/201306_Cadastro_CHEFIA.csv lido com sucesso.
Wed May 20 20:08:45 2020 - Arquivos SIAPE/2013_07_servidores/201307_Cadastro_CHEFIA.csv lido com sucesso.
Wed May 20 20:08:48 2020 - Arquivos SIAPE/2013_08_servidores/201308_Cadastro_CHEFIA.csv lido com sucesso.
Wed May 20 20:08:52 2020 - Arquivos SIAPE/2013_09_servidores/201309_Cadastro_CHEFIA.csv lido com sucesso.
Wed May 20 20:08:56 2020 - Arquivos SIAPE/2013_10_servidores/201310_Cadastro_CHEFIA.csv lido com sucesso.
Wed May 20 20:09:00 2020 - Arquivos SIAPE/2013_11_servidores/201311_Cadastro_CHEFIA.csv lido com sucesso.
Wed May 20 20:09:03 2020 - Arquivos SIAPE/2013_12_servidores/201312_Cadastro_CHEFIA.csv lido com sucesso.
Wed May 20 20:09:07 2020 - Arquivos SIAPE/2014_01_servidores/201401_Cadastro_CHEFIA.csv lido com sucesso.
Wed May 20 20:09:11 2020 - Arquivos SIAPE/2014_02_servidores/201402_Cadastro_CHEFIA.csv lido com sucesso.
Wed May 20 20:09:14 2020 - Arquivos SIAPE/2014_03_servidores/201403_Cadastro_CHEFIA.csv lido com sucesso.
Wed May 20 20:09:19 2020 - Arquivos SIAPE/2014_04_servidores/201404_Cadastro_CHEFIA.csv lido com sucesso.
Wed May 20 20:09:22 2020 - Arquivos SIAPE/2014_05_servidores/201405_Cadastro_CHEFIA.csv lido com sucesso.
Wed May 20 20:09:26 2020 - Arquivos SIAPE/2014_06_servidores/201406_Cadastro_CHEFIA.csv lido com sucesso.
Wed May 20 20:09:30 2020 - Arquivos SIAPE/2014_07_servidores/201407_Cadastro_CHEFIA.csv lido com sucesso.
Wed May 20 20:09:34 2020 - Arquivos SIAPE/2014_08_servidores/201408_Cadastro_CHEFIA.csv lido com sucesso.
Wed May 20 20:09:38 2020 - Arquivos SIAPE/2014_09_servidores/201409_Cadastro_CHEFIA.csv lido com sucesso.
Wed May 20 20:09:41 2020 - Arquivos SIAPE/2014_10_servidores/201410_Cadastro_CHEFIA.csv lido com sucesso.
Wed May 20 20:09:45 2020 - Arquivos SIAPE/2014_11_servidores/201411_Cadastro_CHEFIA.csv lido com sucesso.
Wed May 20 20:09:49 2020 - Arquivos SIAPE/2014_12_servidores/201412_Cadastro_CHEFIA.csv lido com sucesso.
Wed May 20 20:09:53 2020 - Arquivos SIAPE/2015_01_servidores/201501_Cadastro_CHEFIA.csv lido com sucesso.
Wed May 20 20:09:57 2020 - Arquivos SIAPE/2015_02_servidores/201502_Cadastro_CHEFIA.csv lido com sucesso.
Wed May 20 20:10:01 2020 - Arquivos SIAPE/2015_03_servidores/201503_Cadastro_CHEFIA.csv lido com sucesso.
Wed May 20 20:10:05 2020 - Arquivos SIAPE/2015_04_servidores/201504_Cadastro_CHEFIA.csv lido com sucesso.
Wed May 20 20:10:10 2020 - Arquivos SIAPE/2015_05_servidores/201505_Cadastro_CHEFIA.csv lido com sucesso.
Wed May 20 20:10:13 2020 - Arquivos SIAPE/2015_06_servidores/201506_Cadastro_CHEFIA.csv lido com sucesso.
Wed May 20 20:10:18 2020 - Arquivos SIAPE/2015_07_servidores/201507_Cadastro_CHEFIA.csv lido com sucesso.
Wed May 20 20:10:21 2020 - Arquivos SIAPE/2015_08_servidores/201508_Cadastro_CHEFIA.csv lido com sucesso.
Wed May 20 20:10:25 2020 - Arquivos SIAPE/2015_09_servidores/201509_Cadastro_CHEFIA.csv lido com sucesso.
Wed May 20 20:10:29 2020 - Arquivos SIAPE/2015_10_servidores/201510_Cadastro_CHEFIA.csv lido com sucesso.
Wed May 20 20:10:33 2020 - Arquivos SIAPE/2015_11_servidores/201511_Cadastro_CHEFIA.csv lido com sucesso.
Wed May 20 20:10:37 2020 - Arquivos SIAPE/2015_12_servidores/201512_Cadastro_CHEFIA.csv lido com sucesso.
Wed May 20 20:10:41 2020 - Arquivos SIAPE/2016_01_servidores/201601_Cadastro_CHEFIA.csv lido com sucesso.
Wed May 20 20:10:46 2020 - Arquivos SIAPE/2016_02_servidores/201602_Cadastro_CHEFIA.csv lido com sucesso.
Wed May 20 20:10:49 2020 - Arquivos SIAPE/2016_03_servidores/201603_Cadastro_CHEFIA.csv lido com sucesso.
Wed May 20 20:10:53 2020 - Arquivos SIAPE/2016_04_servidores/201604_Cadastro_CHEFIA.csv lido com sucesso.
Wed May 20 20:10:57 2020 - Arquivos SIAPE/2016_05_servidores/201605_Cadastro_CHEFIA.csv lido com sucesso.
Wed May 20 20:11:02 2020 - Arquivos SIAPE/2016_06_servidores/201606_Cadastro_CHEFIA.csv lido com sucesso.
Wed May 20 20:11:05 2020 - Arquivos SIAPE/2016_07_servidores/201607_Cadastro_CHEFIA.csv lido com sucesso.
Wed May 20 20:11:09 2020 - Arquivos SIAPE/2016_08_servidores/201608_Cadastro_CHEFIA.csv lido com sucesso.
Wed May 20 20:11:13 2020 - Arquivos SIAPE/2016_09_servidores/201609_Cadastro_CHEFIA.csv lido com sucesso.
Wed May 20 20:11:17 2020 - Arquivos SIAPE/2016_10_servidores/201610_Cadastro_CHEFIA.csv lido com sucesso.
Wed May 20 20:11:21 2020 - Arquivos SIAPE/2016_11_servidores/201611_Cadastro_CHEFIA.csv lido com sucesso.
Wed May 20 20:11:26 2020 - Arquivos SIAPE/2016_12_servidores/201612_Cadastro_CHEFIA.csv lido com sucesso.
Wed May 20 20:11:30 2020 - Arquivos SIAPE/2017_01_servidores/201701_Cadastro_CHEFIA.csv lido com sucesso.
Wed May 20 20:11:34 2020 - Arquivos SIAPE/2017_02_servidores/201702_Cadastro_CHEFIA.csv lido com sucesso.
Wed May 20 20:11:38 2020 - Arquivos SIAPE/2017_03_servidores/201703_Cadastro_CHEFIA.csv lido com sucesso.
Wed May 20 20:11:42 2020 - Arquivos SIAPE/2017_04_servidores/201704_Cadastro_CHEFIA.csv lido com sucesso.
Wed May 20 20:11:46 2020 - Arquivos SIAPE/2017_05_servidores/201705_Cadastro_CHEFIA.csv lido com sucesso.
Wed May 20 20:11:50 2020 - Arquivos SIAPE/2017_06_servidores/201706_Cadastro_CHEFIA.csv lido com sucesso.
Wed May 20 20:11:54 2020 - Arquivos SIAPE/2017_07_servidores/201707_Cadastro_CHEFIA.csv lido com sucesso.
Wed May 20 20:11:58 2020 - Arquivos SIAPE/2017_08_servidores/201708_Cadastro_CHEFIA.csv lido com sucesso.
Wed May 20 20:12:03 2020 - Arquivos SIAPE/2017_09_servidores/201709_Cadastro_CHEFIA.csv lido com sucesso.
Wed May 20 20:12:06 2020 - Arquivos SIAPE/2017_10_servidores/201710_Cadastro_CHEFIA.csv lido com sucesso.
Wed May 20 20:12:10 2020 - Arquivos SIAPE/2017_11_servidores/201711_Cadastro_CHEFIA.csv lido com sucesso.
Wed May 20 20:12:14 2020 - Arquivos SIAPE/2017_12_servidores/201712_Cadastro_CHEFIA.csv lido com sucesso.
Wed May 20 20:12:19 2020 - Arquivos SIAPE/2018_01_servidores/201801_Cadastro_CHEFIA.csv lido com sucesso.
Wed May 20 20:12:23 2020 - Arquivos SIAPE/2018_02_servidores/201802_Cadastro_CHEFIA.csv lido com sucesso.
Wed May 20 20:12:27 2020 - Arquivos SIAPE/2018_03_servidores/201803_Cadastro_CHEFIA.csv lido com sucesso.
Wed May 20 20:12:31 2020 - Arquivos SIAPE/2018_04_servidores/201804_Cadastro_CHEFIA.csv lido com sucesso.
Wed May 20 20:12:35 2020 - Arquivos SIAPE/2018_05_servidores/201805_Cadastro_CHEFIA.csv lido com sucesso.
Wed May 20 20:12:40 2020 - Arquivos SIAPE/2018_06_servidores/201806_Cadastro_CHEFIA.csv lido com sucesso.
Wed May 20 20:12:44 2020 - Arquivos SIAPE/2018_07_servidores/201807_Cadastro_CHEFIA.csv lido com sucesso.
Wed May 20 20:12:48 2020 - Arquivos SIAPE/2018_08_servidores/201808_Cadastro_CHEFIA.csv lido com sucesso.
Wed May 20 20:12:52 2020 - Arquivos SIAPE/2018_09_servidores/201809_Cadastro_CHEFIA.csv lido com sucesso.
Wed May 20 20:12:56 2020 - Arquivos SIAPE/2018_10_servidores/201810_Cadastro_CHEFIA.csv lido com sucesso.
Wed May 20 20:13:00 2020 - Arquivos SIAPE/2018_11_servidores/201811_Cadastro_CHEFIA.csv lido com sucesso.
Wed May 20 20:13:04 2020 - Arquivos SIAPE/2018_12_servidores/201812_Cadastro_CHEFIA.csv lido com sucesso.
Wed May 20 20:13:08 2020 - Arquivos SIAPE/2019_01_servidores/201901_Cadastro_CHEFIA.csv lido com sucesso.
Wed May 20 20:13:12 2020 - Arquivos SIAPE/2019_02_servidores/201902_Cadastro_CHEFIA.csv lido com sucesso.
Wed May 20 20:13:16 2020 - Arquivos SIAPE/2019_03_servidores/201903_Cadastro_CHEFIA.csv lido com sucesso.
Wed May 20 20:13:20 2020 - Arquivos SIAPE/2019_04_servidores/201904_Cadastro_CHEFIA.csv lido com sucesso.
Wed May 20 20:13:24 2020 - Arquivos SIAPE/2019_05_servidores/201905_Cadastro_CHEFIA.csv lido com sucesso.
Wed May 20 20:13:28 2020 - Arquivos SIAPE/2019_06_servidores/201906_Cadastro_CHEFIA.csv lido com sucesso.
Wed May 20 20:13:32 2020 - Arquivos SIAPE/2019_07_servidores/201907_Cadastro_CHEFIA.csv lido com sucesso.
Wed May 20 20:13:36 2020 - Arquivos SIAPE/2019_08_servidores/201908_Cadastro_CHEFIA.csv lido com sucesso.
Wed May 20 20:13:40 2020 - Arquivos SIAPE/2019_09_servidores/201909_Cadastro_CHEFIA.csv lido com sucesso.
Wed May 20 20:13:43 2020 - Arquivos SIAPE/2019_10_servidores/201910_Cadastro_CHEFIA.csv lido com sucesso.
Wed May 20 20:13:48 2020 - Arquivos SIAPE/2019_11_servidores/201911_Cadastro_CHEFIA.csv lido com sucesso.
Wed May 20 20:13:48 2020 - Não foi encontrado o arquivo: SIAPE/2019_12_servidores/201912_Cadastro_CHEFIA.csv
Fri May 22 00:09:42 2020 - Arquivos SIAPE/2013_01_servidores/201301_Cadastro_CHEFIA.csv lido com sucesso.
Fri May 22 00:09:45 2020 - Arquivos SIAPE/2013_02_servidores/201302_Cadastro_CHEFIA.csv lido com sucesso.
Fri May 22 01:29:04 2020 - Arquivos SIAPE/2013_01_servidores/201301_Cadastro_CHEFIA.csv lido com sucesso.
Fri May 22 01:29:08 2020 - Arquivos SIAPE/2013_02_servidores/201302_Cadastro_CHEFIA.csv lido com sucesso.
Fri May 22 01:29:42 2020 - Arquivos SIAPE/2013_01_servidores/201301_Cadastro_CHEFIA.csv lido com sucesso.
Fri May 22 01:29:46 2020 - Arquivos SIAPE/2013_02_servidores/201302_Cadastro_CHEFIA.csv lido com sucesso.
Fri May 22 01:33:45 2020 - Arquivos SIAPE/2013_01_servidores/201301_Cadastro_CHEFIA.csv lido com sucesso.
Fri May 22 01:33:49 2020 - Arquivos SIAPE/2013_02_servidores/201302_Cadastro_CHEFIA.csv lido com sucesso.
Fri May 22 01:46:28 2020 - Arquivos SIAPE/2013_01_servidores/201301_Cadastro_CHEFIA.csv lido com sucesso.
Fri May 22 01:46:33 2020 - Arquivos SIAPE/2013_02_servidores/201302_Cadastro_CHEFIA.csv lido com sucesso.
Fri May 22 01:57:00 2020 - Arquivos SIAPE/2013_01_servidores/201301_Cadastro_CHEFIA.csv lido com sucesso.
Fri May 22 01:57:04 2020 - Arquivos SIAPE/2013_02_servidores/201302_Cadastro_CHEFIA.csv lido com sucesso.
Fri May 22 02:02:22 2020 - Arquivos SIAPE/2013_01_servidores/201301_Cadastro_CHEFIA.csv lido com sucesso.
Fri May 22 02:02:26 2020 - Arquivos SIAPE/2013_02_servidores/201302_Cadastro_CHEFIA.csv lido com sucesso.
Fri May 22 02:06:17 2020 - Arquivos SIAPE/2013_01_servidores/201301_Cadastro_CHEFIA.csv lido com sucesso.
Fri May 22 02:06:20 2020 - Arquivos SIAPE/2013_02_servidores/201302_Cadastro_CHEFIA.csv lido com sucesso.
Fri May 22 02:28:54 2020 - Arquivos SIAPE/2013_01_servidores/201301_Cadastro_CHEFIA.csv lido com sucesso.
Fri May 22 02:28:58 2020 - Arquivos SIAPE/2013_02_servidores/201302_Cadastro_CHEFIA.csv lido com sucesso.
Sat May 23 18:21:17 2020 - Arquivos SIAPE/2013_01_servidores/201301_Cadastro_CHEFIA.csv lido com sucesso.
Sat May 23 18:21:22 2020 - Arquivos SIAPE/2013_02_servidores/201302_Cadastro_CHEFIA.csv lido com sucesso.
Sat May 23 18:21:27 2020 - Arquivos SIAPE/2013_03_servidores/201303_Cadastro_CHEFIA.csv lido com sucesso.
Sat May 23 18:21:33 2020 - Arquivos SIAPE/2013_04_servidores/201304_Cadastro_CHEFIA.csv lido com sucesso.
Sat May 23 18:21:38 2020 - Arquivos SIAPE/2013_05_servidores/201305_Cadastro_CHEFIA.csv lido com sucesso.
Sat May 23 18:21:43 2020 - Arquivos SIAPE/2013_06_servidores/201306_Cadastro_CHEFIA.csv lido com sucesso.
Sat May 23 18:21:49 2020 - Arquivos SIAPE/2013_07_servidores/201307_Cadastro_CHEFIA.csv lido com sucesso.
Sat May 23 18:21:54 2020 - Arquivos SIAPE/2013_08_servidores/201308_Cadastro_CHEFIA.csv lido com sucesso.
Sat May 23 18:21:59 2020 - Arquivos SIAPE/2013_09_servidores/201309_Cadastro_CHEFIA.csv lido com sucesso.
Sat May 23 18:22:05 2020 - Arquivos SIAPE/2013_10_servidores/201310_Cadastro_CHEFIA.csv lido com sucesso.
Sat May 23 18:22:10 2020 - Arquivos SIAPE/2013_11_servidores/201311_Cadastro_CHEFIA.csv lido com sucesso.
Sat May 23 18:22:16 2020 - Arquivos SIAPE/2013_12_servidores/201312_Cadastro_CHEFIA.csv lido com sucesso.
Sat May 23 18:22:21 2020 - Arquivos SIAPE/2014_01_servidores/201401_Cadastro_CHEFIA.csv lido com sucesso.
Sat May 23 18:22:26 2020 - Arquivos SIAPE/2014_02_servidores/201402_Cadastro_CHEFIA.csv lido com sucesso.
Sat May 23 18:22:31 2020 - Arquivos SIAPE/2014_03_servidores/201403_Cadastro_CHEFIA.csv lido com sucesso.
Sat May 23 18:22:37 2020 - Arquivos SIAPE/2014_04_servidores/201404_Cadastro_CHEFIA.csv lido com sucesso.
Sat May 23 18:22:43 2020 - Arquivos SIAPE/2014_05_servidores/201405_Cadastro_CHEFIA.csv lido com sucesso.
Sat May 23 18:22:48 2020 - Arquivos SIAPE/2014_06_servidores/201406_Cadastro_CHEFIA.csv lido com sucesso.
Sat May 23 18:22:56 2020 - Arquivos SIAPE/2014_07_servidores/201407_Cadastro_CHEFIA.csv lido com sucesso.
Sat May 23 18:23:02 2020 - Arquivos SIAPE/2014_08_servidores/201408_Cadastro_CHEFIA.csv lido com sucesso.
Sat May 23 18:23:07 2020 - Arquivos SIAPE/2014_09_servidores/201409_Cadastro_CHEFIA.csv lido com sucesso.
Sat May 23 18:23:12 2020 - Arquivos SIAPE/2014_10_servidores/201410_Cadastro_CHEFIA.csv lido com sucesso.
Sat May 23 18:23:18 2020 - Arquivos SIAPE/2014_11_servidores/201411_Cadastro_CHEFIA.csv lido com sucesso.
Sat May 23 18:23:24 2020 - Arquivos SIAPE/2014_12_servidores/201412_Cadastro_CHEFIA.csv lido com sucesso.
Sat May 23 18:23:29 2020 - Arquivos SIAPE/2015_01_servidores/201501_Cadastro_CHEFIA.csv lido com sucesso.
Sat May 23 18:23:35 2020 - Arquivos SIAPE/2015_02_servidores/201502_Cadastro_CHEFIA.csv lido com sucesso.
Sat May 23 18:23:40 2020 - Arquivos SIAPE/2015_03_servidores/201503_Cadastro_CHEFIA.csv lido com sucesso.
Sat May 23 18:23:46 2020 - Arquivos SIAPE/2015_04_servidores/201504_Cadastro_CHEFIA.csv lido com sucesso.
Sat May 23 18:23:52 2020 - Arquivos SIAPE/2015_05_servidores/201505_Cadastro_CHEFIA.csv lido com sucesso.
Sat May 23 18:23:58 2020 - Arquivos SIAPE/2015_06_servidores/201506_Cadastro_CHEFIA.csv lido com sucesso.
Sat May 23 18:24:03 2020 - Arquivos SIAPE/2015_07_servidores/201507_Cadastro_CHEFIA.csv lido com sucesso.
Sat May 23 18:24:09 2020 - Arquivos SIAPE/2015_08_servidores/201508_Cadastro_CHEFIA.csv lido com sucesso.
Sat May 23 18:24:15 2020 - Arquivos SIAPE/2015_09_servidores/201509_Cadastro_CHEFIA.csv lido com sucesso.
Sat May 23 18:24:21 2020 - Arquivos SIAPE/2015_10_servidores/201510_Cadastro_CHEFIA.csv lido com sucesso.
Sat May 23 18:24:27 2020 - Arquivos SIAPE/2015_11_servidores/201511_Cadastro_CHEFIA.csv lido com sucesso.
Sat May 23 18:24:33 2020 - Arquivos SIAPE/2015_12_servidores/201512_Cadastro_CHEFIA.csv lido com sucesso.
Sat May 23 18:24:38 2020 - Arquivos SIAPE/2016_01_servidores/201601_Cadastro_CHEFIA.csv lido com sucesso.
Sat May 23 18:24:44 2020 - Arquivos SIAPE/2016_02_servidores/201602_Cadastro_CHEFIA.csv lido com sucesso.
Sat May 23 18:24:50 2020 - Arquivos SIAPE/2016_03_servidores/201603_Cadastro_CHEFIA.csv lido com sucesso.
Sat May 23 18:24:56 2020 - Arquivos SIAPE/2016_04_servidores/201604_Cadastro_CHEFIA.csv lido com sucesso.
Sat May 23 18:25:02 2020 - Arquivos SIAPE/2016_05_servidores/201605_Cadastro_CHEFIA.csv lido com sucesso.
Sat May 23 18:25:08 2020 - Arquivos SIAPE/2016_06_servidores/201606_Cadastro_CHEFIA.csv lido com sucesso.
Sat May 23 18:25:13 2020 - Arquivos SIAPE/2016_07_servidores/201607_Cadastro_CHEFIA.csv lido com sucesso.
Sat May 23 18:25:20 2020 - Arquivos SIAPE/2016_08_servidores/201608_Cadastro_CHEFIA.csv lido com sucesso.
Sat May 23 18:25:25 2020 - Arquivos SIAPE/2016_09_servidores/201609_Cadastro_CHEFIA.csv lido com sucesso.
Sat May 23 18:25:31 2020 - Arquivos SIAPE/2016_10_servidores/201610_Cadastro_CHEFIA.csv lido com sucesso.
Sat May 23 18:25:37 2020 - Arquivos SIAPE/2016_11_servidores/201611_Cadastro_CHEFIA.csv lido com sucesso.
Sat May 23 18:25:43 2020 - Arquivos SIAPE/2016_12_servidores/201612_Cadastro_CHEFIA.csv lido com sucesso.
Sat May 23 18:25:50 2020 - Arquivos SIAPE/2017_01_servidores/201701_Cadastro_CHEFIA.csv lido com sucesso.
Sat May 23 18:25:54 2020 - Arquivos SIAPE/2017_02_servidores/201702_Cadastro_CHEFIA.csv lido com sucesso.
Sat May 23 18:25:58 2020 - Arquivos SIAPE/2017_03_servidores/201703_Cadastro_CHEFIA.csv lido com sucesso.
Sat May 23 18:26:02 2020 - Arquivos SIAPE/2017_04_servidores/201704_Cadastro_CHEFIA.csv lido com sucesso.
Sat May 23 18:26:06 2020 - Arquivos SIAPE/2017_05_servidores/201705_Cadastro_CHEFIA.csv lido com sucesso.
Sat May 23 18:26:09 2020 - Arquivos SIAPE/2017_06_servidores/201706_Cadastro_CHEFIA.csv lido com sucesso.
Sat May 23 18:26:13 2020 - Arquivos SIAPE/2017_07_servidores/201707_Cadastro_CHEFIA.csv lido com sucesso.
Sat May 23 18:26:17 2020 - Arquivos SIAPE/2017_08_servidores/201708_Cadastro_CHEFIA.csv lido com sucesso.
Sat May 23 18:26:21 2020 - Arquivos SIAPE/2017_09_servidores/201709_Cadastro_CHEFIA.csv lido com sucesso.
Sat May 23 18:26:25 2020 - Arquivos SIAPE/2017_10_servidores/201710_Cadastro_CHEFIA.csv lido com sucesso.
Sat May 23 18:26:29 2020 - Arquivos SIAPE/2017_11_servidores/201711_Cadastro_CHEFIA.csv lido com sucesso.
Sat May 23 18:26:33 2020 - Arquivos SIAPE/2017_12_servidores/201712_Cadastro_CHEFIA.csv lido com sucesso.
Sat May 23 18:26:37 2020 - Arquivos SIAPE/2018_01_servidores/201801_Cadastro_CHEFIA.csv lido com sucesso.
Sat May 23 18:26:41 2020 - Arquivos SIAPE/2018_02_servidores/201802_Cadastro_CHEFIA.csv lido com sucesso.
Sat May 23 18:26:45 2020 - Arquivos SIAPE/2018_03_servidores/201803_Cadastro_CHEFIA.csv lido com sucesso.
Sat May 23 18:26:48 2020 - Arquivos SIAPE/2018_04_servidores/201804_Cadastro_CHEFIA.csv lido com sucesso.
Sat May 23 18:26:52 2020 - Arquivos SIAPE/2018_05_servidores/201805_Cadastro_CHEFIA.csv lido com sucesso.
Sat May 23 18:26:56 2020 - Arquivos SIAPE/2018_06_servidores/201806_Cadastro_CHEFIA.csv lido com sucesso.
Sat May 23 18:27:00 2020 - Arquivos SIAPE/2018_07_servidores/201807_Cadastro_CHEFIA.csv lido com sucesso.
Sat May 23 18:27:04 2020 - Arquivos SIAPE/2018_08_servidores/201808_Cadastro_CHEFIA.csv lido com sucesso.
Sat May 23 18:27:08 2020 - Arquivos SIAPE/2018_09_servidores/201809_Cadastro_CHEFIA.csv lido com sucesso.
Sat May 23 18:27:12 2020 - Arquivos SIAPE/2018_10_servidores/201810_Cadastro_CHEFIA.csv lido com sucesso.
Sat May 23 18:27:16 2020 - Arquivos SIAPE/2018_11_servidores/201811_Cadastro_CHEFIA.csv lido com sucesso.
Sat May 23 18:27:20 2020 - Arquivos SIAPE/2018_12_servidores/201812_Cadastro_CHEFIA.csv lido com sucesso.
Sat May 23 18:27:23 2020 - Arquivos SIAPE/2019_01_servidores/201901_Cadastro_CHEFIA.csv lido com sucesso.
Sat May 23 18:27:27 2020 - Arquivos SIAPE/2019_02_servidores/201902_Cadastro_CHEFIA.csv lido com sucesso.
Sat May 23 18:27:31 2020 - Arquivos SIAPE/2019_03_servidores/201903_Cadastro_CHEFIA.csv lido com sucesso.
Sat May 23 18:27:35 2020 - Arquivos SIAPE/2019_04_servidores/201904_Cadastro_CHEFIA.csv lido com sucesso.
Sat May 23 18:27:39 2020 - Arquivos SIAPE/2019_05_servidores/201905_Cadastro_CHEFIA.csv lido com sucesso.
Sat May 23 18:27:44 2020 - Arquivos SIAPE/2019_06_servidores/201906_Cadastro_CHEFIA.csv lido com sucesso.
Sat May 23 18:27:47 2020 - Arquivos SIAPE/2019_07_servidores/201907_Cadastro_CHEFIA.csv lido com sucesso.
Sat May 23 18:27:51 2020 - Arquivos SIAPE/2019_08_servidores/201908_Cadastro_CHEFIA.csv lido com sucesso.
Sat May 23 18:27:55 2020 - Arquivos SIAPE/2019_09_servidores/201909_Cadastro_CHEFIA.csv lido com sucesso.
Sat May 23 18:27:59 2020 - Arquivos SIAPE/2019_10_servidores/201910_Cadastro_CHEFIA.csv lido com sucesso.
Sat May 23 18:28:02 2020 - Arquivos SIAPE/2019_11_servidores/201911_Cadastro_CHEFIA.csv lido com sucesso.
Sat May 23 18:28:02 2020 - Não foi encontrado o arquivo: SIAPE/2019_12_servidores/201912_Cadastro_CHEFIA.csv
